#
# There is insufficient memory for the Java Runtime Environment to continue.
# Native memory allocation (mmap) failed to map 174063616 bytes for G1 virtual space
# Possible reasons:
#   The system is out of physical RAM or swap space
#   The process is running with CompressedOops enabled, and the Java Heap may be blocking the growth of the native heap
# Possible solutions:
#   Reduce memory load on the system
#   Increase physical memory or swap space
#   Check if swap backing store is full
#   Decrease Java heap size (-Xmx/-Xms)
#   Decrease number of Java threads
#   Decrease Java thread stack sizes (-Xss)
#   Set larger code cache with -XX:ReservedCodeCacheSize=
#   JVM is running with Unscaled Compressed Oops mode in which the Java heap is
#     placed in the first 4GB address space. The Java Heap base address is the
#     maximum limit for the native heap growth. Please use -XX:HeapBaseMinAddress
#     to set the Java Heap base and to place the Java Heap above 4GB virtual address.
# This output file may be truncated or incomplete.
#
#  Out of Memory Error (os_windows.cpp:3532), pid=6684, tid=5156
#
# JRE version: OpenJDK Runtime Environment Temurin-17.0.2+8 (17.0.2+8) (build 17.0.2+8)
# Java VM: OpenJDK 64-Bit Server VM Temurin-17.0.2+8 (17.0.2+8, mixed mode, emulated-client, tiered, compressed oops, compressed class ptrs, g1 gc, windows-amd64)
# No core dump will be written. Minidumps are not enabled by default on client versions of Windows
#

---------------  S U M M A R Y ------------

Command Line: -Dcom.sun.management.jmxremote -Dcom.sun.management.jmxremote.port=62165 -Dcom.sun.management.jmxremote.authenticate=false -Dcom.sun.management.jmxremote.ssl=false -Djava.rmi.server.hostname=localhost -Dspring.jmx.enabled=true -Dspring.application.admin.enabled=true -XX:TieredStopAtLevel=1 -Dspring.boot.project.name=Eclinic -Dfile.encoding=UTF-8 -XX:+ShowCodeDetailsInExceptionMessages com.bway.eclinic.EclinicApplication --spring.output.ansi.enabled=always

Host: Intel(R) Core(TM) i3-7020U CPU @ 2.30GHz, 4 cores, 3G,  Windows 10 , 64 bit Build 19041 (10.0.19041.546)
Time: Mon Jul 25 15:22:21 2022 Nepal Standard Time elapsed time: 4171.163468 seconds (0d 1h 9m 31s)

---------------  T H R E A D  ---------------

Current thread (0x000001f1eac83030):  VMThread "VM Thread" [stack: 0x000000cc92100000,0x000000cc92200000] [id=5156]

Stack: [0x000000cc92100000,0x000000cc92200000]
Native frames: (J=compiled Java code, j=interpreted, Vv=VM code, C=native code)
V  [jvm.dll+0x67564a]
V  [jvm.dll+0x82fc04]
V  [jvm.dll+0x8313ae]
V  [jvm.dll+0x831a13]
V  [jvm.dll+0x245235]
V  [jvm.dll+0x672539]
V  [jvm.dll+0x666e82]
V  [jvm.dll+0x30401b]
V  [jvm.dll+0x30b566]
V  [jvm.dll+0x35b1fe]
V  [jvm.dll+0x35b42f]
V  [jvm.dll+0x2daf58]
V  [jvm.dll+0x2d920c]
V  [jvm.dll+0x2d87dc]
V  [jvm.dll+0x31c61b]
V  [jvm.dll+0x835ebb]
V  [jvm.dll+0x836bf4]
V  [jvm.dll+0x83710c]
V  [jvm.dll+0x8374e4]
V  [jvm.dll+0x8375b0]
V  [jvm.dll+0x7dff2a]
V  [jvm.dll+0x6744d5]
C  [ucrtbase.dll+0x214c2]
C  [KERNEL32.DLL+0x17034]
C  [ntdll.dll+0x4cec1]

VM_Operation (0x000000cc943fe730): G1CollectForAllocation, mode: safepoint, requested by thread 0x000001f1edc34070


---------------  P R O C E S S  ---------------

Threads class SMR info:
_java_thread_list=0x000001f1ebd33c90, length=34, elements={
0x000001f1eac99260, 0x000001f1eac9a260, 0x000001f1eac6a6a0, 0x000001f1eac6d230,
0x000001f1eacbf340, 0x000001f1eacbfc00, 0x000001f1eaccb4e0, 0x000001f1eaccdd30,
0x000001f1eb83a1f0, 0x000001f1eb98e790, 0x000001f1ebea8420, 0x000001f1ebe55020,
0x000001f1ebf08810, 0x000001f1ebf76780, 0x000001f1ec0486a0, 0x000001f1ec049040,
0x000001f1ec047830, 0x000001f1ec047d00, 0x000001f1edc3b8c0, 0x000001f1edc34070,
0x000001f1edc388a0, 0x000001f1edc366f0, 0x000001f1edc34a10, 0x000001f1edc3b3f0,
0x000001f1edc38d70, 0x000001f1edc383d0, 0x000001f1edc34540, 0x000001f1edc34ee0,
0x000001f1edc353b0, 0x000001f1edc35880, 0x000001f1edc3a0b0, 0x000001f1edc35d50,
0x000001f1edc3a580, 0x000001f1edc36220
}

Java Threads: ( => current thread )
  0x000001f1eac99260 JavaThread "Reference Handler" daemon [_thread_blocked, id=700, stack(0x000000cc92200000,0x000000cc92300000)]
  0x000001f1eac9a260 JavaThread "Finalizer" daemon [_thread_blocked, id=5336, stack(0x000000cc92300000,0x000000cc92400000)]
  0x000001f1eac6a6a0 JavaThread "Signal Dispatcher" daemon [_thread_blocked, id=7632, stack(0x000000cc92400000,0x000000cc92500000)]
  0x000001f1eac6d230 JavaThread "Attach Listener" daemon [_thread_blocked, id=3284, stack(0x000000cc92500000,0x000000cc92600000)]
  0x000001f1eacbf340 JavaThread "Service Thread" daemon [_thread_blocked, id=11040, stack(0x000000cc92600000,0x000000cc92700000)]
  0x000001f1eacbfc00 JavaThread "Monitor Deflation Thread" daemon [_thread_blocked, id=10388, stack(0x000000cc92700000,0x000000cc92800000)]
  0x000001f1eaccb4e0 JavaThread "C1 CompilerThread0" daemon [_thread_blocked, id=10972, stack(0x000000cc92800000,0x000000cc92900000)]
  0x000001f1eaccdd30 JavaThread "Sweeper thread" daemon [_thread_blocked, id=4776, stack(0x000000cc92900000,0x000000cc92a00000)]
  0x000001f1eb83a1f0 JavaThread "Common-Cleaner" daemon [_thread_blocked, id=4964, stack(0x000000cc92a00000,0x000000cc92b00000)]
  0x000001f1eb98e790 JavaThread "Notification Thread" daemon [_thread_blocked, id=5480, stack(0x000000cc92d00000,0x000000cc92e00000)]
  0x000001f1ebea8420 JavaThread "RMI TCP Accept-0" daemon [_thread_blocked, id=13196, stack(0x000000cc92e00000,0x000000cc92f00000)]
  0x000001f1ebe55020 JavaThread "RMI TCP Accept-62165" daemon [_thread_in_native, id=9660, stack(0x000000cc92f00000,0x000000cc93000000)]
  0x000001f1ebf08810 JavaThread "RMI TCP Accept-0" daemon [_thread_in_native, id=12328, stack(0x000000cc93000000,0x000000cc93100000)]
  0x000001f1ebf76780 JavaThread "RMI Scheduler(0)" daemon [_thread_blocked, id=1696, stack(0x000000cc93300000,0x000000cc93400000)]
  0x000001f1ec0486a0 JavaThread "Catalina-utility-1" [_thread_blocked, id=8252, stack(0x000000cc93c00000,0x000000cc93d00000)]
  0x000001f1ec049040 JavaThread "Catalina-utility-2" [_thread_blocked, id=1792, stack(0x000000cc93d00000,0x000000cc93e00000)]
  0x000001f1ec047830 JavaThread "container-0" [_thread_blocked, id=10776, stack(0x000000cc93e00000,0x000000cc93f00000)]
  0x000001f1ec047d00 JavaThread "mysql-cj-abandoned-connection-cleanup" daemon [_thread_blocked, id=5708, stack(0x000000cc93f00000,0x000000cc94000000)]
  0x000001f1edc3b8c0 JavaThread "HikariPool-1 housekeeper" daemon [_thread_blocked, id=2544, stack(0x000000cc94100000,0x000000cc94200000)]
  0x000001f1edc34070 JavaThread "File Watcher" daemon [_thread_blocked, id=13372, stack(0x000000cc94300000,0x000000cc94400000)]
  0x000001f1edc388a0 JavaThread "Live Reload Server" daemon [_thread_in_native, id=11948, stack(0x000000cc94500000,0x000000cc94600000)]
  0x000001f1edc366f0 JavaThread "http-nio-8080-exec-1" daemon [_thread_blocked, id=13844, stack(0x000000cc94400000,0x000000cc94500000)]
  0x000001f1edc34a10 JavaThread "http-nio-8080-exec-2" daemon [_thread_blocked, id=11892, stack(0x000000cc94600000,0x000000cc94700000)]
  0x000001f1edc3b3f0 JavaThread "http-nio-8080-exec-3" daemon [_thread_blocked, id=2416, stack(0x000000cc94700000,0x000000cc94800000)]
  0x000001f1edc38d70 JavaThread "http-nio-8080-exec-4" daemon [_thread_blocked, id=6664, stack(0x000000cc94800000,0x000000cc94900000)]
  0x000001f1edc383d0 JavaThread "http-nio-8080-exec-5" daemon [_thread_blocked, id=2956, stack(0x000000cc94900000,0x000000cc94a00000)]
  0x000001f1edc34540 JavaThread "http-nio-8080-exec-6" daemon [_thread_blocked, id=12500, stack(0x000000cc94a00000,0x000000cc94b00000)]
  0x000001f1edc34ee0 JavaThread "http-nio-8080-exec-7" daemon [_thread_blocked, id=11084, stack(0x000000cc94b00000,0x000000cc94c00000)]
  0x000001f1edc353b0 JavaThread "http-nio-8080-exec-8" daemon [_thread_blocked, id=10536, stack(0x000000cc94c00000,0x000000cc94d00000)]
  0x000001f1edc35880 JavaThread "http-nio-8080-exec-9" daemon [_thread_blocked, id=14124, stack(0x000000cc94d00000,0x000000cc94e00000)]
  0x000001f1edc3a0b0 JavaThread "http-nio-8080-exec-10" daemon [_thread_blocked, id=12240, stack(0x000000cc94e00000,0x000000cc94f00000)]
  0x000001f1edc35d50 JavaThread "http-nio-8080-Poller" daemon [_thread_blocked, id=9724, stack(0x000000cc94f00000,0x000000cc95000000)]
  0x000001f1edc3a580 JavaThread "http-nio-8080-Acceptor" daemon [_thread_in_native, id=8332, stack(0x000000cc95000000,0x000000cc95100000)]
  0x000001f1edc36220 JavaThread "DestroyJavaVM" [_thread_blocked, id=220, stack(0x000000cc91b00000,0x000000cc91c00000)]

Other Threads:
=>0x000001f1eac83030 VMThread "VM Thread" [stack: 0x000000cc92100000,0x000000cc92200000] [id=5156]
  0x000001f1ebe55d40 WatcherThread [stack: 0x000000cc93100000,0x000000cc93200000] [id=4136]
  0x000001f1dde77920 GCTaskThread "GC Thread#0" [stack: 0x000000cc91c00000,0x000000cc91d00000] [id=14252]
  0x000001f1ec059ec0 GCTaskThread "GC Thread#1" [stack: 0x000000cc93500000,0x000000cc93600000] [id=11340]
  0x000001f1ec0517a0 GCTaskThread "GC Thread#2" [stack: 0x000000cc93600000,0x000000cc93700000] [id=4988]
  0x000001f1ec07b5d0 GCTaskThread "GC Thread#3" [stack: 0x000000cc93700000,0x000000cc93800000] [id=6080]
  0x000001f1dde80470 ConcurrentGCThread "G1 Main Marker" [stack: 0x000000cc91d00000,0x000000cc91e00000] [id=6532]
  0x000001f1dde81670 ConcurrentGCThread "G1 Conc#0" [stack: 0x000000cc91e00000,0x000000cc91f00000] [id=11992]
  0x000001f1ddecbb50 ConcurrentGCThread "G1 Refine#0" [stack: 0x000000cc91f00000,0x000000cc92000000] [id=3220]
  0x000001f1ec07b880 ConcurrentGCThread "G1 Refine#1" [stack: 0x000000cc93800000,0x000000cc93900000] [id=7704]
  0x000001f1ddeccd60 ConcurrentGCThread "G1 Service" [stack: 0x000000cc92000000,0x000000cc92100000] [id=3152]

Threads with active compile tasks:

VM state: at safepoint (normal execution)

VM Mutex/Monitor currently owned by a thread:  ([mutex/lock_event])
[0x000001f1dde496d0] Threads_lock - owner thread: 0x000001f1eac83030
[0x000001f1dde48830] Heap_lock - owner thread: 0x000001f1edc34070

OutOfMemory and StackOverflow Exception counts:
OutOfMemoryError java_heap_errors=1
LinkageErrors=82

Heap address: 0x00000000c1800000, size: 1000 MB, Compressed Oops mode: 32-bit

CDS archive(s) not mapped
Compressed class space mapped at: 0x0000000100000000-0x0000000140000000, reserved size: 1073741824
Narrow klass base: 0x0000000000000000, Narrow klass shift: 3, Narrow klass range: 0x140000000

GC Precious Log:
 CPUs: 4 total, 4 available
 Memory: 3996M
 Large Page Support: Disabled
 NUMA Support: Disabled
 Compressed Oops: Enabled (32-bit)
 Heap Region Size: 1M
 Heap Min Capacity: 8M
 Heap Initial Capacity: 64M
 Heap Max Capacity: 1000M
 Pre-touch: Disabled
 Parallel Workers: 4
 Concurrent Workers: 1
 Concurrent Refinement Workers: 4
 Periodic GC: Disabled

Heap:
 garbage-first heap   total 247808K, used 26976K [0x00000000c1800000, 0x0000000100000000)
  region size 1024K, 1 young (1024K), 1 survivors (1024K)
 Metaspace       used 55769K, committed 56192K, reserved 1097728K
  class space    used 7325K, committed 7488K, reserved 1048576K

Heap Regions: E=young(eden), S=young(survivor), O=old, HS=humongous(starts), HC=humongous(continues), CS=collection set, F=free, OA=open archive, CA=closed archive, TAMS=top-at-mark-start (previous, next)
|   0|0x00000000c1800000, 0x00000000c1900000, 0x00000000c1900000|100%|HS|  |TAMS 0x00000000c1900000, 0x00000000c1800000| Complete 
|   1|0x00000000c1900000, 0x00000000c1a00000, 0x00000000c1a00000|100%| O|  |TAMS 0x00000000c1a00000, 0x00000000c1900000| Untracked 
|   2|0x00000000c1a00000, 0x00000000c1b00000, 0x00000000c1b00000|100%| O|  |TAMS 0x00000000c1b00000, 0x00000000c1a00000| Untracked 
|   3|0x00000000c1b00000, 0x00000000c1c00000, 0x00000000c1c00000|100%| O|  |TAMS 0x00000000c1c00000, 0x00000000c1b00000| Untracked 
|   4|0x00000000c1c00000, 0x00000000c1d00000, 0x00000000c1d00000|100%| O|  |TAMS 0x00000000c1d00000, 0x00000000c1c00000| Untracked 
|   5|0x00000000c1d00000, 0x00000000c1e00000, 0x00000000c1e00000|100%| O|  |TAMS 0x00000000c1e00000, 0x00000000c1d00000| Untracked 
|   6|0x00000000c1e00000, 0x00000000c1f00000, 0x00000000c1f00000|100%| O|  |TAMS 0x00000000c1f00000, 0x00000000c1e00000| Untracked 
|   7|0x00000000c1f00000, 0x00000000c2000000, 0x00000000c2000000|100%| O|  |TAMS 0x00000000c2000000, 0x00000000c1f00000| Untracked 
|   8|0x00000000c2000000, 0x00000000c2100000, 0x00000000c2100000|100%| O|  |TAMS 0x00000000c2100000, 0x00000000c2000000| Untracked 
|   9|0x00000000c2100000, 0x00000000c2200000, 0x00000000c2200000|100%| O|  |TAMS 0x00000000c2200000, 0x00000000c2100000| Untracked 
|  10|0x00000000c2200000, 0x00000000c2300000, 0x00000000c2300000|100%| O|  |TAMS 0x00000000c2300000, 0x00000000c2200000| Untracked 
|  11|0x00000000c2300000, 0x00000000c2400000, 0x00000000c2400000|100%| O|  |TAMS 0x00000000c2400000, 0x00000000c2300000| Untracked 
|  12|0x00000000c2400000, 0x00000000c2500000, 0x00000000c2500000|100%| O|  |TAMS 0x00000000c24c6000, 0x00000000c2400000| Untracked 
|  13|0x00000000c2500000, 0x00000000c2600000, 0x00000000c2600000|100%| O|  |TAMS 0x00000000c2500000, 0x00000000c2500000| Untracked 
|  14|0x00000000c2600000, 0x00000000c2700000, 0x00000000c2700000|100%| O|  |TAMS 0x00000000c2600000, 0x00000000c2600000| Untracked 
|  15|0x00000000c2700000, 0x00000000c2800000, 0x00000000c2800000|100%| O|  |TAMS 0x00000000c2700000, 0x00000000c2700000| Untracked 
|  16|0x00000000c2800000, 0x00000000c2900000, 0x00000000c2900000|100%| O|  |TAMS 0x00000000c2800000, 0x00000000c2800000| Untracked 
|  17|0x00000000c2900000, 0x00000000c2a00000, 0x00000000c2a00000|100%| O|  |TAMS 0x00000000c2900000, 0x00000000c2900000| Untracked 
|  18|0x00000000c2a00000, 0x00000000c2b00000, 0x00000000c2b00000|100%| O|  |TAMS 0x00000000c2a00000, 0x00000000c2a00000| Untracked 
|  19|0x00000000c2b00000, 0x00000000c2c00000, 0x00000000c2c00000|100%| O|  |TAMS 0x00000000c2b00000, 0x00000000c2b00000| Untracked 
|  20|0x00000000c2c00000, 0x00000000c2d00000, 0x00000000c2d00000|100%| O|  |TAMS 0x00000000c2c00000, 0x00000000c2c00000| Untracked 
|  21|0x00000000c2d00000, 0x00000000c2e00000, 0x00000000c2e00000|100%| O|  |TAMS 0x00000000c2d00000, 0x00000000c2d00000| Untracked 
|  22|0x00000000c2e00000, 0x00000000c2f00000, 0x00000000c2f00000|100%| O|  |TAMS 0x00000000c2e00000, 0x00000000c2e00000| Untracked 
|  23|0x00000000c2f00000, 0x00000000c3000000, 0x00000000c3000000|100%| O|  |TAMS 0x00000000c2f00000, 0x00000000c2f00000| Untracked 
|  24|0x00000000c3000000, 0x00000000c3100000, 0x00000000c3100000|100%| O|  |TAMS 0x00000000c3000000, 0x00000000c3000000| Untracked 
|  25|0x00000000c3100000, 0x00000000c31ab000, 0x00000000c3200000| 66%| O|  |TAMS 0x00000000c3100000, 0x00000000c3100000| Untracked 
|  26|0x00000000c3200000, 0x00000000c3200000, 0x00000000c3300000|  0%| F|  |TAMS 0x00000000c3200000, 0x00000000c3200000| Untracked 
|  27|0x00000000c3300000, 0x00000000c3300000, 0x00000000c3400000|  0%| F|  |TAMS 0x00000000c3300000, 0x00000000c3300000| Untracked 
|  28|0x00000000c3400000, 0x00000000c3400000, 0x00000000c3500000|  0%| F|  |TAMS 0x00000000c3400000, 0x00000000c3400000| Untracked 
|  29|0x00000000c3500000, 0x00000000c3500000, 0x00000000c3600000|  0%| F|  |TAMS 0x00000000c3500000, 0x00000000c3500000| Untracked 
|  30|0x00000000c3600000, 0x00000000c3600000, 0x00000000c3700000|  0%| F|  |TAMS 0x00000000c3600000, 0x00000000c3600000| Untracked 
|  31|0x00000000c3700000, 0x00000000c3700000, 0x00000000c3800000|  0%| F|  |TAMS 0x00000000c3700000, 0x00000000c3700000| Untracked 
|  32|0x00000000c3800000, 0x00000000c3800000, 0x00000000c3900000|  0%| F|  |TAMS 0x00000000c3800000, 0x00000000c3800000| Untracked 
|  33|0x00000000c3900000, 0x00000000c3900000, 0x00000000c3a00000|  0%| F|  |TAMS 0x00000000c3900000, 0x00000000c3900000| Untracked 
|  34|0x00000000c3a00000, 0x00000000c3a00000, 0x00000000c3b00000|  0%| F|  |TAMS 0x00000000c3a00000, 0x00000000c3a00000| Untracked 
|  35|0x00000000c3b00000, 0x00000000c3b00000, 0x00000000c3c00000|  0%| F|  |TAMS 0x00000000c3b00000, 0x00000000c3b00000| Untracked 
|  36|0x00000000c3c00000, 0x00000000c3c00000, 0x00000000c3d00000|  0%| F|  |TAMS 0x00000000c3c00000, 0x00000000c3c00000| Untracked 
|  37|0x00000000c3d00000, 0x00000000c3d00000, 0x00000000c3e00000|  0%| F|  |TAMS 0x00000000c3d00000, 0x00000000c3d00000| Untracked 
|  38|0x00000000c3e00000, 0x00000000c3e00000, 0x00000000c3f00000|  0%| F|  |TAMS 0x00000000c3e00000, 0x00000000c3e00000| Untracked 
|  39|0x00000000c3f00000, 0x00000000c3f00000, 0x00000000c4000000|  0%| F|  |TAMS 0x00000000c3f00000, 0x00000000c3f00000| Untracked 
|  40|0x00000000c4000000, 0x00000000c4000000, 0x00000000c4100000|  0%| F|  |TAMS 0x00000000c4000000, 0x00000000c4000000| Untracked 
|  41|0x00000000c4100000, 0x00000000c4100000, 0x00000000c4200000|  0%| F|  |TAMS 0x00000000c4100000, 0x00000000c4100000| Untracked 
|  42|0x00000000c4200000, 0x00000000c4200000, 0x00000000c4300000|  0%| F|  |TAMS 0x00000000c4200000, 0x00000000c4200000| Untracked 
|  43|0x00000000c4300000, 0x00000000c4300000, 0x00000000c4400000|  0%| F|  |TAMS 0x00000000c4300000, 0x00000000c4300000| Untracked 
|  44|0x00000000c4400000, 0x00000000c4400000, 0x00000000c4500000|  0%| F|  |TAMS 0x00000000c4400000, 0x00000000c4400000| Untracked 
|  45|0x00000000c4500000, 0x00000000c4500000, 0x00000000c4600000|  0%| F|  |TAMS 0x00000000c4500000, 0x00000000c4500000| Untracked 
|  46|0x00000000c4600000, 0x00000000c4600000, 0x00000000c4700000|  0%| F|  |TAMS 0x00000000c4600000, 0x00000000c4600000| Untracked 
|  47|0x00000000c4700000, 0x00000000c4700000, 0x00000000c4800000|  0%| F|  |TAMS 0x00000000c4700000, 0x00000000c4700000| Untracked 
|  48|0x00000000c4800000, 0x00000000c4800000, 0x00000000c4900000|  0%| F|  |TAMS 0x00000000c4800000, 0x00000000c4800000| Untracked 
|  49|0x00000000c4900000, 0x00000000c4900000, 0x00000000c4a00000|  0%| F|  |TAMS 0x00000000c4900000, 0x00000000c4900000| Untracked 
|  50|0x00000000c4a00000, 0x00000000c4a00000, 0x00000000c4b00000|  0%| F|  |TAMS 0x00000000c4a00000, 0x00000000c4a00000| Untracked 
|  51|0x00000000c4b00000, 0x00000000c4b00000, 0x00000000c4c00000|  0%| F|  |TAMS 0x00000000c4b00000, 0x00000000c4b00000| Untracked 
|  52|0x00000000c4c00000, 0x00000000c4c00000, 0x00000000c4d00000|  0%| F|  |TAMS 0x00000000c4c00000, 0x00000000c4c00000| Untracked 
|  53|0x00000000c4d00000, 0x00000000c4d00000, 0x00000000c4e00000|  0%| F|  |TAMS 0x00000000c4d00000, 0x00000000c4d00000| Untracked 
|  54|0x00000000c4e00000, 0x00000000c4e00000, 0x00000000c4f00000|  0%| F|  |TAMS 0x00000000c4e00000, 0x00000000c4e00000| Untracked 
|  55|0x00000000c4f00000, 0x00000000c4f00000, 0x00000000c5000000|  0%| F|  |TAMS 0x00000000c4f00000, 0x00000000c4f00000| Untracked 
|  56|0x00000000c5000000, 0x00000000c5000000, 0x00000000c5100000|  0%| F|  |TAMS 0x00000000c5000000, 0x00000000c5000000| Untracked 
|  57|0x00000000c5100000, 0x00000000c5100000, 0x00000000c5200000|  0%| F|  |TAMS 0x00000000c5100000, 0x00000000c5100000| Untracked 
|  58|0x00000000c5200000, 0x00000000c5200000, 0x00000000c5300000|  0%| F|  |TAMS 0x00000000c5200000, 0x00000000c5200000| Untracked 
|  59|0x00000000c5300000, 0x00000000c5300000, 0x00000000c5400000|  0%| F|  |TAMS 0x00000000c5300000, 0x00000000c5300000| Untracked 
|  60|0x00000000c5400000, 0x00000000c5400000, 0x00000000c5500000|  0%| F|  |TAMS 0x00000000c5400000, 0x00000000c5400000| Untracked 
|  61|0x00000000c5500000, 0x00000000c5500000, 0x00000000c5600000|  0%| F|  |TAMS 0x00000000c5500000, 0x00000000c5500000| Untracked 
|  62|0x00000000c5600000, 0x00000000c5600000, 0x00000000c5700000|  0%| F|  |TAMS 0x00000000c5600000, 0x00000000c5600000| Untracked 
|  63|0x00000000c5700000, 0x00000000c5700000, 0x00000000c5800000|  0%| F|  |TAMS 0x00000000c5700000, 0x00000000c5700000| Untracked 
|  64|0x00000000c5800000, 0x00000000c5800000, 0x00000000c5900000|  0%| F|  |TAMS 0x00000000c5800000, 0x00000000c5800000| Untracked 
|  65|0x00000000c5900000, 0x00000000c5900000, 0x00000000c5a00000|  0%| F|  |TAMS 0x00000000c5900000, 0x00000000c5900000| Untracked 
|  66|0x00000000c5a00000, 0x00000000c5a00000, 0x00000000c5b00000|  0%| F|  |TAMS 0x00000000c5a00000, 0x00000000c5a00000| Untracked 
|  67|0x00000000c5b00000, 0x00000000c5b00000, 0x00000000c5c00000|  0%| F|  |TAMS 0x00000000c5b00000, 0x00000000c5b00000| Untracked 
|  68|0x00000000c5c00000, 0x00000000c5c00000, 0x00000000c5d00000|  0%| F|  |TAMS 0x00000000c5c00000, 0x00000000c5c00000| Untracked 
|  69|0x00000000c5d00000, 0x00000000c5d00000, 0x00000000c5e00000|  0%| F|  |TAMS 0x00000000c5d00000, 0x00000000c5d00000| Untracked 
|  70|0x00000000c5e00000, 0x00000000c5e00000, 0x00000000c5f00000|  0%| F|  |TAMS 0x00000000c5e00000, 0x00000000c5e00000| Untracked 
|  71|0x00000000c5f00000, 0x00000000c5f00000, 0x00000000c6000000|  0%| F|  |TAMS 0x00000000c5f00000, 0x00000000c5f00000| Untracked 
|  72|0x00000000c6000000, 0x00000000c6000000, 0x00000000c6100000|  0%| F|  |TAMS 0x00000000c6000000, 0x00000000c6000000| Untracked 
|  73|0x00000000c6100000, 0x00000000c6100000, 0x00000000c6200000|  0%| F|  |TAMS 0x00000000c6100000, 0x00000000c6100000| Untracked 
|  74|0x00000000c6200000, 0x00000000c6200000, 0x00000000c6300000|  0%| F|  |TAMS 0x00000000c6200000, 0x00000000c6200000| Untracked 
|  75|0x00000000c6300000, 0x00000000c6300000, 0x00000000c6400000|  0%| F|  |TAMS 0x00000000c6300000, 0x00000000c6300000| Untracked 
|  76|0x00000000c6400000, 0x00000000c6400000, 0x00000000c6500000|  0%| F|  |TAMS 0x00000000c6400000, 0x00000000c6400000| Untracked 
|  77|0x00000000c6500000, 0x00000000c6500000, 0x00000000c6600000|  0%| F|  |TAMS 0x00000000c6500000, 0x00000000c6500000| Untracked 
|  78|0x00000000c6600000, 0x00000000c6600000, 0x00000000c6700000|  0%| F|  |TAMS 0x00000000c6600000, 0x00000000c6600000| Untracked 
|  79|0x00000000c6700000, 0x00000000c6700000, 0x00000000c6800000|  0%| F|  |TAMS 0x00000000c6700000, 0x00000000c6700000| Untracked 
|  80|0x00000000c6800000, 0x00000000c6800000, 0x00000000c6900000|  0%| F|  |TAMS 0x00000000c6800000, 0x00000000c6800000| Untracked 
|  81|0x00000000c6900000, 0x00000000c6900000, 0x00000000c6a00000|  0%| F|  |TAMS 0x00000000c6900000, 0x00000000c6900000| Untracked 
|  82|0x00000000c6a00000, 0x00000000c6a00000, 0x00000000c6b00000|  0%| F|  |TAMS 0x00000000c6a00000, 0x00000000c6a00000| Untracked 
|  83|0x00000000c6b00000, 0x00000000c6b00000, 0x00000000c6c00000|  0%| F|  |TAMS 0x00000000c6b00000, 0x00000000c6b00000| Untracked 
|  84|0x00000000c6c00000, 0x00000000c6c00000, 0x00000000c6d00000|  0%| F|  |TAMS 0x00000000c6c00000, 0x00000000c6c00000| Untracked 
|  85|0x00000000c6d00000, 0x00000000c6d00000, 0x00000000c6e00000|  0%| F|  |TAMS 0x00000000c6d00000, 0x00000000c6d00000| Untracked 
|  86|0x00000000c6e00000, 0x00000000c6e00000, 0x00000000c6f00000|  0%| F|  |TAMS 0x00000000c6e00000, 0x00000000c6e00000| Untracked 
|  87|0x00000000c6f00000, 0x00000000c6f00000, 0x00000000c7000000|  0%| F|  |TAMS 0x00000000c6f00000, 0x00000000c6f00000| Untracked 
|  88|0x00000000c7000000, 0x00000000c7000000, 0x00000000c7100000|  0%| F|  |TAMS 0x00000000c7000000, 0x00000000c7000000| Untracked 
|  89|0x00000000c7100000, 0x00000000c7100000, 0x00000000c7200000|  0%| F|  |TAMS 0x00000000c7100000, 0x00000000c7100000| Untracked 
|  90|0x00000000c7200000, 0x00000000c7200000, 0x00000000c7300000|  0%| F|  |TAMS 0x00000000c7200000, 0x00000000c7200000| Untracked 
|  91|0x00000000c7300000, 0x00000000c7300000, 0x00000000c7400000|  0%| F|  |TAMS 0x00000000c7300000, 0x00000000c7300000| Untracked 
|  92|0x00000000c7400000, 0x00000000c7400000, 0x00000000c7500000|  0%| F|  |TAMS 0x00000000c7400000, 0x00000000c7400000| Untracked 
|  93|0x00000000c7500000, 0x00000000c7500000, 0x00000000c7600000|  0%| F|  |TAMS 0x00000000c7500000, 0x00000000c7500000| Untracked 
|  94|0x00000000c7600000, 0x00000000c7600000, 0x00000000c7700000|  0%| F|  |TAMS 0x00000000c7600000, 0x00000000c7600000| Untracked 
|  95|0x00000000c7700000, 0x00000000c7700000, 0x00000000c7800000|  0%| F|  |TAMS 0x00000000c7700000, 0x00000000c7700000| Untracked 
|  96|0x00000000c7800000, 0x00000000c7800000, 0x00000000c7900000|  0%| F|  |TAMS 0x00000000c7800000, 0x00000000c7800000| Untracked 
|  97|0x00000000c7900000, 0x00000000c7900000, 0x00000000c7a00000|  0%| F|  |TAMS 0x00000000c7900000, 0x00000000c7900000| Untracked 
|  98|0x00000000c7a00000, 0x00000000c7a00000, 0x00000000c7b00000|  0%| F|  |TAMS 0x00000000c7a00000, 0x00000000c7a00000| Untracked 
|  99|0x00000000c7b00000, 0x00000000c7b00000, 0x00000000c7c00000|  0%| F|  |TAMS 0x00000000c7b00000, 0x00000000c7b00000| Untracked 
| 100|0x00000000c7c00000, 0x00000000c7c00000, 0x00000000c7d00000|  0%| F|  |TAMS 0x00000000c7c00000, 0x00000000c7c00000| Untracked 
| 101|0x00000000c7d00000, 0x00000000c7d00000, 0x00000000c7e00000|  0%| F|  |TAMS 0x00000000c7d00000, 0x00000000c7d00000| Untracked 
| 102|0x00000000c7e00000, 0x00000000c7e00000, 0x00000000c7f00000|  0%| F|  |TAMS 0x00000000c7e00000, 0x00000000c7e00000| Untracked 
| 103|0x00000000c7f00000, 0x00000000c7f00000, 0x00000000c8000000|  0%| F|  |TAMS 0x00000000c7f00000, 0x00000000c7f00000| Untracked 
| 104|0x00000000c8000000, 0x00000000c8000000, 0x00000000c8100000|  0%| F|  |TAMS 0x00000000c8000000, 0x00000000c8000000| Untracked 
| 105|0x00000000c8100000, 0x00000000c8100000, 0x00000000c8200000|  0%| F|  |TAMS 0x00000000c8100000, 0x00000000c8100000| Untracked 
| 106|0x00000000c8200000, 0x00000000c8200000, 0x00000000c8300000|  0%| F|  |TAMS 0x00000000c8200000, 0x00000000c8200000| Untracked 
| 107|0x00000000c8300000, 0x00000000c8300000, 0x00000000c8400000|  0%| F|  |TAMS 0x00000000c8300000, 0x00000000c8300000| Untracked 
| 108|0x00000000c8400000, 0x00000000c8400000, 0x00000000c8500000|  0%| F|  |TAMS 0x00000000c8400000, 0x00000000c8400000| Untracked 
| 109|0x00000000c8500000, 0x00000000c8500000, 0x00000000c8600000|  0%| F|  |TAMS 0x00000000c8500000, 0x00000000c8500000| Untracked 
| 110|0x00000000c8600000, 0x00000000c8600000, 0x00000000c8700000|  0%| F|  |TAMS 0x00000000c8600000, 0x00000000c8600000| Untracked 
| 111|0x00000000c8700000, 0x00000000c8700000, 0x00000000c8800000|  0%| F|  |TAMS 0x00000000c8700000, 0x00000000c8700000| Untracked 
| 112|0x00000000c8800000, 0x00000000c8800000, 0x00000000c8900000|  0%| F|  |TAMS 0x00000000c8800000, 0x00000000c8800000| Untracked 
| 113|0x00000000c8900000, 0x00000000c8900000, 0x00000000c8a00000|  0%| F|  |TAMS 0x00000000c8900000, 0x00000000c8900000| Untracked 
| 114|0x00000000c8a00000, 0x00000000c8a00000, 0x00000000c8b00000|  0%| F|  |TAMS 0x00000000c8a00000, 0x00000000c8a00000| Untracked 
| 115|0x00000000c8b00000, 0x00000000c8b00000, 0x00000000c8c00000|  0%| F|  |TAMS 0x00000000c8b00000, 0x00000000c8b00000| Untracked 
| 116|0x00000000c8c00000, 0x00000000c8c00000, 0x00000000c8d00000|  0%| F|  |TAMS 0x00000000c8c00000, 0x00000000c8c00000| Untracked 
| 117|0x00000000c8d00000, 0x00000000c8d00000, 0x00000000c8e00000|  0%| F|  |TAMS 0x00000000c8d00000, 0x00000000c8d00000| Untracked 
| 118|0x00000000c8e00000, 0x00000000c8e00000, 0x00000000c8f00000|  0%| F|  |TAMS 0x00000000c8e00000, 0x00000000c8e00000| Untracked 
| 119|0x00000000c8f00000, 0x00000000c8f00000, 0x00000000c9000000|  0%| F|  |TAMS 0x00000000c8f00000, 0x00000000c8f00000| Untracked 
| 120|0x00000000c9000000, 0x00000000c9000000, 0x00000000c9100000|  0%| F|  |TAMS 0x00000000c9000000, 0x00000000c9000000| Untracked 
| 121|0x00000000c9100000, 0x00000000c9100000, 0x00000000c9200000|  0%| F|  |TAMS 0x00000000c9100000, 0x00000000c9100000| Untracked 
| 122|0x00000000c9200000, 0x00000000c9200000, 0x00000000c9300000|  0%| F|  |TAMS 0x00000000c9200000, 0x00000000c9200000| Untracked 
| 123|0x00000000c9300000, 0x00000000c9300000, 0x00000000c9400000|  0%| F|  |TAMS 0x00000000c9300000, 0x00000000c9300000| Untracked 
| 124|0x00000000c9400000, 0x00000000c9400000, 0x00000000c9500000|  0%| F|  |TAMS 0x00000000c9400000, 0x00000000c9400000| Untracked 
| 125|0x00000000c9500000, 0x00000000c9500000, 0x00000000c9600000|  0%| F|  |TAMS 0x00000000c9500000, 0x00000000c9500000| Untracked 
| 126|0x00000000c9600000, 0x00000000c9600000, 0x00000000c9700000|  0%| F|  |TAMS 0x00000000c9600000, 0x00000000c9600000| Untracked 
| 127|0x00000000c9700000, 0x00000000c9700000, 0x00000000c9800000|  0%| F|  |TAMS 0x00000000c9700000, 0x00000000c9700000| Untracked 
| 128|0x00000000c9800000, 0x00000000c9800000, 0x00000000c9900000|  0%| F|  |TAMS 0x00000000c9800000, 0x00000000c9800000| Untracked 
| 129|0x00000000c9900000, 0x00000000c9900000, 0x00000000c9a00000|  0%| F|  |TAMS 0x00000000c9900000, 0x00000000c9900000| Untracked 
| 130|0x00000000c9a00000, 0x00000000c9a00000, 0x00000000c9b00000|  0%| F|  |TAMS 0x00000000c9a00000, 0x00000000c9a00000| Untracked 
| 131|0x00000000c9b00000, 0x00000000c9b00000, 0x00000000c9c00000|  0%| F|  |TAMS 0x00000000c9b00000, 0x00000000c9b00000| Untracked 
| 132|0x00000000c9c00000, 0x00000000c9c00000, 0x00000000c9d00000|  0%| F|  |TAMS 0x00000000c9c00000, 0x00000000c9c00000| Untracked 
| 133|0x00000000c9d00000, 0x00000000c9d00000, 0x00000000c9e00000|  0%| F|  |TAMS 0x00000000c9d00000, 0x00000000c9d00000| Untracked 
| 134|0x00000000c9e00000, 0x00000000c9e00000, 0x00000000c9f00000|  0%| F|  |TAMS 0x00000000c9e00000, 0x00000000c9e00000| Untracked 
| 135|0x00000000c9f00000, 0x00000000c9f00000, 0x00000000ca000000|  0%| F|  |TAMS 0x00000000c9f00000, 0x00000000c9f00000| Untracked 
| 136|0x00000000ca000000, 0x00000000ca000000, 0x00000000ca100000|  0%| F|  |TAMS 0x00000000ca000000, 0x00000000ca000000| Untracked 
| 137|0x00000000ca100000, 0x00000000ca100000, 0x00000000ca200000|  0%| F|  |TAMS 0x00000000ca100000, 0x00000000ca100000| Untracked 
| 138|0x00000000ca200000, 0x00000000ca200000, 0x00000000ca300000|  0%| F|  |TAMS 0x00000000ca200000, 0x00000000ca200000| Untracked 
| 139|0x00000000ca300000, 0x00000000ca300000, 0x00000000ca400000|  0%| F|  |TAMS 0x00000000ca300000, 0x00000000ca300000| Untracked 
| 140|0x00000000ca400000, 0x00000000ca400000, 0x00000000ca500000|  0%| F|  |TAMS 0x00000000ca400000, 0x00000000ca400000| Untracked 
| 141|0x00000000ca500000, 0x00000000ca500000, 0x00000000ca600000|  0%| F|  |TAMS 0x00000000ca500000, 0x00000000ca500000| Untracked 
| 142|0x00000000ca600000, 0x00000000ca600000, 0x00000000ca700000|  0%| F|  |TAMS 0x00000000ca600000, 0x00000000ca600000| Untracked 
| 143|0x00000000ca700000, 0x00000000ca700000, 0x00000000ca800000|  0%| F|  |TAMS 0x00000000ca700000, 0x00000000ca700000| Untracked 
| 144|0x00000000ca800000, 0x00000000ca800000, 0x00000000ca900000|  0%| F|  |TAMS 0x00000000ca800000, 0x00000000ca800000| Untracked 
| 145|0x00000000ca900000, 0x00000000ca900000, 0x00000000caa00000|  0%| F|  |TAMS 0x00000000ca900000, 0x00000000ca900000| Untracked 
| 146|0x00000000caa00000, 0x00000000caa00000, 0x00000000cab00000|  0%| F|  |TAMS 0x00000000caa00000, 0x00000000caa00000| Untracked 
| 147|0x00000000cab00000, 0x00000000cab00000, 0x00000000cac00000|  0%| F|  |TAMS 0x00000000cab00000, 0x00000000cab00000| Untracked 
| 148|0x00000000cac00000, 0x00000000cac00000, 0x00000000cad00000|  0%| F|  |TAMS 0x00000000cac00000, 0x00000000cac00000| Untracked 
| 149|0x00000000cad00000, 0x00000000cad00000, 0x00000000cae00000|  0%| F|  |TAMS 0x00000000cad00000, 0x00000000cad00000| Untracked 
| 150|0x00000000cae00000, 0x00000000cae00000, 0x00000000caf00000|  0%| F|  |TAMS 0x00000000cae00000, 0x00000000cae00000| Untracked 
| 151|0x00000000caf00000, 0x00000000caf00000, 0x00000000cb000000|  0%| F|  |TAMS 0x00000000caf00000, 0x00000000caf00000| Untracked 
| 152|0x00000000cb000000, 0x00000000cb000000, 0x00000000cb100000|  0%| F|  |TAMS 0x00000000cb000000, 0x00000000cb000000| Untracked 
| 153|0x00000000cb100000, 0x00000000cb100000, 0x00000000cb200000|  0%| F|  |TAMS 0x00000000cb100000, 0x00000000cb100000| Untracked 
| 154|0x00000000cb200000, 0x00000000cb200000, 0x00000000cb300000|  0%| F|  |TAMS 0x00000000cb200000, 0x00000000cb200000| Untracked 
| 155|0x00000000cb300000, 0x00000000cb300000, 0x00000000cb400000|  0%| F|  |TAMS 0x00000000cb300000, 0x00000000cb300000| Untracked 
| 156|0x00000000cb400000, 0x00000000cb400000, 0x00000000cb500000|  0%| F|  |TAMS 0x00000000cb400000, 0x00000000cb400000| Untracked 
| 157|0x00000000cb500000, 0x00000000cb500000, 0x00000000cb600000|  0%| F|  |TAMS 0x00000000cb500000, 0x00000000cb500000| Untracked 
| 158|0x00000000cb600000, 0x00000000cb600000, 0x00000000cb700000|  0%| F|  |TAMS 0x00000000cb600000, 0x00000000cb600000| Untracked 
| 159|0x00000000cb700000, 0x00000000cb700000, 0x00000000cb800000|  0%| F|  |TAMS 0x00000000cb700000, 0x00000000cb700000| Untracked 
| 160|0x00000000cb800000, 0x00000000cb800000, 0x00000000cb900000|  0%| F|  |TAMS 0x00000000cb800000, 0x00000000cb800000| Untracked 
| 161|0x00000000cb900000, 0x00000000cb900000, 0x00000000cba00000|  0%| F|  |TAMS 0x00000000cb900000, 0x00000000cb900000| Untracked 
| 162|0x00000000cba00000, 0x00000000cba00000, 0x00000000cbb00000|  0%| F|  |TAMS 0x00000000cba00000, 0x00000000cba00000| Untracked 
| 163|0x00000000cbb00000, 0x00000000cbb00000, 0x00000000cbc00000|  0%| F|  |TAMS 0x00000000cbb00000, 0x00000000cbb00000| Untracked 
| 164|0x00000000cbc00000, 0x00000000cbc00000, 0x00000000cbd00000|  0%| F|  |TAMS 0x00000000cbc00000, 0x00000000cbc00000| Untracked 
| 165|0x00000000cbd00000, 0x00000000cbd00000, 0x00000000cbe00000|  0%| F|  |TAMS 0x00000000cbd00000, 0x00000000cbd00000| Untracked 
| 166|0x00000000cbe00000, 0x00000000cbe00000, 0x00000000cbf00000|  0%| F|  |TAMS 0x00000000cbe00000, 0x00000000cbe00000| Untracked 
| 167|0x00000000cbf00000, 0x00000000cbf00000, 0x00000000cc000000|  0%| F|  |TAMS 0x00000000cbf00000, 0x00000000cbf00000| Untracked 
| 168|0x00000000cc000000, 0x00000000cc000000, 0x00000000cc100000|  0%| F|  |TAMS 0x00000000cc000000, 0x00000000cc000000| Untracked 
| 169|0x00000000cc100000, 0x00000000cc100000, 0x00000000cc200000|  0%| F|  |TAMS 0x00000000cc100000, 0x00000000cc100000| Untracked 
| 170|0x00000000cc200000, 0x00000000cc200000, 0x00000000cc300000|  0%| F|  |TAMS 0x00000000cc200000, 0x00000000cc200000| Untracked 
| 171|0x00000000cc300000, 0x00000000cc300000, 0x00000000cc400000|  0%| F|  |TAMS 0x00000000cc300000, 0x00000000cc300000| Untracked 
| 172|0x00000000cc400000, 0x00000000cc400000, 0x00000000cc500000|  0%| F|  |TAMS 0x00000000cc400000, 0x00000000cc400000| Untracked 
| 173|0x00000000cc500000, 0x00000000cc500000, 0x00000000cc600000|  0%| F|  |TAMS 0x00000000cc500000, 0x00000000cc500000| Untracked 
| 174|0x00000000cc600000, 0x00000000cc600000, 0x00000000cc700000|  0%| F|  |TAMS 0x00000000cc600000, 0x00000000cc600000| Untracked 
| 175|0x00000000cc700000, 0x00000000cc700000, 0x00000000cc800000|  0%| F|  |TAMS 0x00000000cc700000, 0x00000000cc700000| Untracked 
| 176|0x00000000cc800000, 0x00000000cc800000, 0x00000000cc900000|  0%| F|  |TAMS 0x00000000cc800000, 0x00000000cc800000| Untracked 
| 177|0x00000000cc900000, 0x00000000cc900000, 0x00000000cca00000|  0%| F|  |TAMS 0x00000000cc900000, 0x00000000cc900000| Untracked 
| 178|0x00000000cca00000, 0x00000000cca00000, 0x00000000ccb00000|  0%| F|  |TAMS 0x00000000cca00000, 0x00000000cca00000| Untracked 
| 179|0x00000000ccb00000, 0x00000000ccb00000, 0x00000000ccc00000|  0%| F|  |TAMS 0x00000000ccb00000, 0x00000000ccb00000| Untracked 
| 180|0x00000000ccc00000, 0x00000000ccc00000, 0x00000000ccd00000|  0%| F|  |TAMS 0x00000000ccc00000, 0x00000000ccc00000| Untracked 
| 181|0x00000000ccd00000, 0x00000000ccd00000, 0x00000000cce00000|  0%| F|  |TAMS 0x00000000ccd00000, 0x00000000ccd00000| Untracked 
| 182|0x00000000cce00000, 0x00000000cce00000, 0x00000000ccf00000|  0%| F|  |TAMS 0x00000000cce00000, 0x00000000cce00000| Untracked 
| 183|0x00000000ccf00000, 0x00000000ccf00000, 0x00000000cd000000|  0%| F|  |TAMS 0x00000000ccf00000, 0x00000000ccf00000| Untracked 
| 184|0x00000000cd000000, 0x00000000cd000000, 0x00000000cd100000|  0%| F|  |TAMS 0x00000000cd000000, 0x00000000cd000000| Untracked 
| 185|0x00000000cd100000, 0x00000000cd100000, 0x00000000cd200000|  0%| F|  |TAMS 0x00000000cd100000, 0x00000000cd100000| Untracked 
| 186|0x00000000cd200000, 0x00000000cd200000, 0x00000000cd300000|  0%| F|  |TAMS 0x00000000cd200000, 0x00000000cd200000| Untracked 
| 187|0x00000000cd300000, 0x00000000cd300000, 0x00000000cd400000|  0%| F|  |TAMS 0x00000000cd300000, 0x00000000cd300000| Untracked 
| 188|0x00000000cd400000, 0x00000000cd400000, 0x00000000cd500000|  0%| F|  |TAMS 0x00000000cd400000, 0x00000000cd400000| Untracked 
| 189|0x00000000cd500000, 0x00000000cd500000, 0x00000000cd600000|  0%| F|  |TAMS 0x00000000cd500000, 0x00000000cd500000| Untracked 
| 190|0x00000000cd600000, 0x00000000cd600000, 0x00000000cd700000|  0%| F|  |TAMS 0x00000000cd600000, 0x00000000cd600000| Untracked 
| 191|0x00000000cd700000, 0x00000000cd700000, 0x00000000cd800000|  0%| F|  |TAMS 0x00000000cd700000, 0x00000000cd700000| Untracked 
| 192|0x00000000cd800000, 0x00000000cd800000, 0x00000000cd900000|  0%| F|  |TAMS 0x00000000cd800000, 0x00000000cd800000| Untracked 
| 193|0x00000000cd900000, 0x00000000cd900000, 0x00000000cda00000|  0%| F|  |TAMS 0x00000000cd900000, 0x00000000cd900000| Untracked 
| 194|0x00000000cda00000, 0x00000000cda00000, 0x00000000cdb00000|  0%| F|  |TAMS 0x00000000cda00000, 0x00000000cda00000| Untracked 
| 195|0x00000000cdb00000, 0x00000000cdb00000, 0x00000000cdc00000|  0%| F|  |TAMS 0x00000000cdb00000, 0x00000000cdb00000| Untracked 
| 196|0x00000000cdc00000, 0x00000000cdc00000, 0x00000000cdd00000|  0%| F|  |TAMS 0x00000000cdc00000, 0x00000000cdc00000| Untracked 
| 197|0x00000000cdd00000, 0x00000000cdd00000, 0x00000000cde00000|  0%| F|  |TAMS 0x00000000cdd00000, 0x00000000cdd00000| Untracked 
| 198|0x00000000cde00000, 0x00000000cde00000, 0x00000000cdf00000|  0%| F|  |TAMS 0x00000000cde00000, 0x00000000cde00000| Untracked 
| 199|0x00000000cdf00000, 0x00000000cdf00000, 0x00000000ce000000|  0%| F|  |TAMS 0x00000000cdf00000, 0x00000000cdf00000| Untracked 
| 200|0x00000000ce000000, 0x00000000ce000000, 0x00000000ce100000|  0%| F|  |TAMS 0x00000000ce000000, 0x00000000ce000000| Untracked 
| 201|0x00000000ce100000, 0x00000000ce100000, 0x00000000ce200000|  0%| F|  |TAMS 0x00000000ce100000, 0x00000000ce100000| Untracked 
| 202|0x00000000ce200000, 0x00000000ce200000, 0x00000000ce300000|  0%| F|  |TAMS 0x00000000ce200000, 0x00000000ce200000| Untracked 
| 203|0x00000000ce300000, 0x00000000ce300000, 0x00000000ce400000|  0%| F|  |TAMS 0x00000000ce300000, 0x00000000ce300000| Untracked 
| 204|0x00000000ce400000, 0x00000000ce400000, 0x00000000ce500000|  0%| F|  |TAMS 0x00000000ce400000, 0x00000000ce400000| Untracked 
| 205|0x00000000ce500000, 0x00000000ce500000, 0x00000000ce600000|  0%| F|  |TAMS 0x00000000ce500000, 0x00000000ce500000| Untracked 
| 206|0x00000000ce600000, 0x00000000ce600000, 0x00000000ce700000|  0%| F|  |TAMS 0x00000000ce600000, 0x00000000ce600000| Untracked 
| 207|0x00000000ce700000, 0x00000000ce700000, 0x00000000ce800000|  0%| F|  |TAMS 0x00000000ce700000, 0x00000000ce700000| Untracked 
| 208|0x00000000ce800000, 0x00000000ce800000, 0x00000000ce900000|  0%| F|  |TAMS 0x00000000ce800000, 0x00000000ce800000| Untracked 
| 209|0x00000000ce900000, 0x00000000ce900000, 0x00000000cea00000|  0%| F|  |TAMS 0x00000000ce900000, 0x00000000ce900000| Untracked 
| 210|0x00000000cea00000, 0x00000000cea00000, 0x00000000ceb00000|  0%| F|  |TAMS 0x00000000cea00000, 0x00000000cea00000| Untracked 
| 211|0x00000000ceb00000, 0x00000000ceb00000, 0x00000000cec00000|  0%| F|  |TAMS 0x00000000ceb00000, 0x00000000ceb00000| Untracked 
| 212|0x00000000cec00000, 0x00000000cec00000, 0x00000000ced00000|  0%| F|  |TAMS 0x00000000cec00000, 0x00000000cec00000| Untracked 
| 213|0x00000000ced00000, 0x00000000ced00000, 0x00000000cee00000|  0%| F|  |TAMS 0x00000000ced00000, 0x00000000ced00000| Untracked 
| 214|0x00000000cee00000, 0x00000000cee00000, 0x00000000cef00000|  0%| F|  |TAMS 0x00000000cee00000, 0x00000000cee00000| Untracked 
| 215|0x00000000cef00000, 0x00000000cef00000, 0x00000000cf000000|  0%| F|  |TAMS 0x00000000cef00000, 0x00000000cef00000| Untracked 
| 216|0x00000000cf000000, 0x00000000cf000000, 0x00000000cf100000|  0%| F|  |TAMS 0x00000000cf000000, 0x00000000cf000000| Untracked 
| 217|0x00000000cf100000, 0x00000000cf100000, 0x00000000cf200000|  0%| F|  |TAMS 0x00000000cf100000, 0x00000000cf100000| Untracked 
| 218|0x00000000cf200000, 0x00000000cf200000, 0x00000000cf300000|  0%| F|  |TAMS 0x00000000cf200000, 0x00000000cf200000| Untracked 
| 219|0x00000000cf300000, 0x00000000cf300000, 0x00000000cf400000|  0%| F|  |TAMS 0x00000000cf300000, 0x00000000cf300000| Untracked 
| 220|0x00000000cf400000, 0x00000000cf400000, 0x00000000cf500000|  0%| F|  |TAMS 0x00000000cf400000, 0x00000000cf400000| Untracked 
| 221|0x00000000cf500000, 0x00000000cf500000, 0x00000000cf600000|  0%| F|  |TAMS 0x00000000cf500000, 0x00000000cf500000| Untracked 
| 222|0x00000000cf600000, 0x00000000cf600000, 0x00000000cf700000|  0%| F|  |TAMS 0x00000000cf600000, 0x00000000cf600000| Untracked 
| 223|0x00000000cf700000, 0x00000000cf700000, 0x00000000cf800000|  0%| F|  |TAMS 0x00000000cf700000, 0x00000000cf700000| Untracked 
| 224|0x00000000cf800000, 0x00000000cf800000, 0x00000000cf900000|  0%| F|  |TAMS 0x00000000cf800000, 0x00000000cf800000| Untracked 
| 225|0x00000000cf900000, 0x00000000cf900000, 0x00000000cfa00000|  0%| F|  |TAMS 0x00000000cf900000, 0x00000000cf900000| Untracked 
| 226|0x00000000cfa00000, 0x00000000cfa00000, 0x00000000cfb00000|  0%| F|  |TAMS 0x00000000cfa00000, 0x00000000cfa00000| Untracked 
| 227|0x00000000cfb00000, 0x00000000cfb00000, 0x00000000cfc00000|  0%| F|  |TAMS 0x00000000cfb00000, 0x00000000cfb00000| Untracked 
| 228|0x00000000cfc00000, 0x00000000cfc00000, 0x00000000cfd00000|  0%| F|  |TAMS 0x00000000cfc00000, 0x00000000cfc00000| Untracked 
| 229|0x00000000cfd00000, 0x00000000cfd00000, 0x00000000cfe00000|  0%| F|  |TAMS 0x00000000cfd00000, 0x00000000cfd00000| Untracked 
| 230|0x00000000cfe00000, 0x00000000cfead058, 0x00000000cff00000| 67%| S|CS|TAMS 0x00000000cfe00000, 0x00000000cfe00000| Complete 
| 231|0x00000000cff00000, 0x00000000cff00000, 0x00000000d0000000|  0%| F|  |TAMS 0x00000000cff00000, 0x00000000cff00000| Untracked 
| 232|0x00000000d0000000, 0x00000000d0000000, 0x00000000d0100000|  0%| F|  |TAMS 0x00000000d0000000, 0x00000000d0000000| Untracked 
| 233|0x00000000d0100000, 0x00000000d0100000, 0x00000000d0200000|  0%| F|  |TAMS 0x00000000d0100000, 0x00000000d0100000| Untracked 
| 234|0x00000000d0200000, 0x00000000d0200000, 0x00000000d0300000|  0%| F|  |TAMS 0x00000000d0200000, 0x00000000d0200000| Untracked 
| 235|0x00000000d0300000, 0x00000000d0300000, 0x00000000d0400000|  0%| F|  |TAMS 0x00000000d0300000, 0x00000000d0300000| Untracked 
| 236|0x00000000d0400000, 0x00000000d0400000, 0x00000000d0500000|  0%| F|  |TAMS 0x00000000d0400000, 0x00000000d0400000| Untracked 
| 237|0x00000000d0500000, 0x00000000d0500000, 0x00000000d0600000|  0%| F|  |TAMS 0x00000000d0500000, 0x00000000d0500000| Untracked 
| 238|0x00000000d0600000, 0x00000000d0600000, 0x00000000d0700000|  0%| F|  |TAMS 0x00000000d0600000, 0x00000000d0600000| Untracked 
| 239|0x00000000d0700000, 0x00000000d0700000, 0x00000000d0800000|  0%| F|  |TAMS 0x00000000d0700000, 0x00000000d0700000| Untracked 
| 240|0x00000000d0800000, 0x00000000d0800000, 0x00000000d0900000|  0%| F|  |TAMS 0x00000000d0800000, 0x00000000d0800000| Untracked 
| 241|0x00000000d0900000, 0x00000000d0900000, 0x00000000d0a00000|  0%| F|  |TAMS 0x00000000d0900000, 0x00000000d0900000| Untracked 

Card table byte_map: [0x000001f1e6370000,0x000001f1e6570000] _byte_map_base: 0x000001f1e5d64000

Marking Bits (Prev, Next): (CMBitMap*) 0x000001f1dde77e40, (CMBitMap*) 0x000001f1dde77e80
 Prev Bits: [0x000001f1e6770000, 0x000001f1e7710000)
 Next Bits: [0x000001f1e7710000, 0x000001f1e86b0000)

Polling page: 0x000001f1ddcf0000

Metaspace:

Usage:
  Non-class:     47.31 MB used.
      Class:      7.15 MB used.
       Both:     54.46 MB used.

Virtual space:
  Non-class space:       48.00 MB reserved,      47.56 MB (>99%) committed,  6 nodes.
      Class space:        1.00 GB reserved,       7.31 MB ( <1%) committed,  1 nodes.
             Both:        1.05 GB reserved,      54.88 MB (  5%) committed. 

Chunk freelists:
   Non-Class:  55.00 KB
       Class:  514.00 KB
        Both:  569.00 KB

MaxMetaspaceSize: unlimited
CompressedClassSpaceSize: 1.00 GB
Initial GC threshold: 21.00 MB
Current GC threshold: 59.38 MB
CDS: off
MetaspaceReclaimPolicy: balanced
 - commit_granule_bytes: 65536.
 - commit_granule_words: 8192.
 - virtual_space_node_default_size: 1048576.
 - enlarge_chunks_in_place: 1.
 - new_chunks_are_fully_committed: 0.
 - uncommit_free_chunks: 1.
 - use_allocation_guard: 0.
 - handle_deallocations: 1.


Internal statistics:

num_allocs_failed_limit: 8.
num_arena_births: 500.
num_arena_deaths: 0.
num_vsnodes_births: 7.
num_vsnodes_deaths: 0.
num_space_committed: 878.
num_space_uncommitted: 0.
num_chunks_returned_to_freelist: 8.
num_chunks_taken_from_freelist: 2226.
num_chunk_merges: 8.
num_chunk_splits: 1555.
num_chunks_enlarged: 1179.
num_purges: 0.
num_inconsistent_stats: 0.

CodeCache: size=49152Kb used=9508Kb max_used=10141Kb free=39643Kb
 bounds [0x000001f1e2d20000, 0x000001f1e3790000, 0x000001f1e5d20000]
 total_blobs=5883 nmethods=5291 adapters=519
 compilation: enabled
              stopped_count=0, restarted_count=0
 full_count=0

Compilation events (20 events):
Event: 3799.712 Thread 0x000001f1eaccb4e0 5311       1       sun.rmi.transport.tcp.TCPEndpoint::getPort (5 bytes)
Event: 3799.712 Thread 0x000001f1eaccb4e0 nmethod 5311 0x000001f1e2e49290 code [0x000001f1e2e49420, 0x000001f1e2e494f8]
Event: 3799.712 Thread 0x000001f1eaccb4e0 5312       1       java.io.ObjectOutputStream::writeLong (9 bytes)
Event: 3799.713 Thread 0x000001f1eaccb4e0 nmethod 5312 0x000001f1e2e48f90 code [0x000001f1e2e49120, 0x000001f1e2e49208]
Event: 3799.713 Thread 0x000001f1eaccb4e0 5313       1       java.io.ObjectOutputStream$BlockDataOutputStream::writeLong (48 bytes)
Event: 3799.714 Thread 0x000001f1eaccb4e0 nmethod 5313 0x000001f1e2e48b90 code [0x000001f1e2e48d40, 0x000001f1e2e48eb8]
Event: 3802.787 Thread 0x000001f1eaccb4e0 5314       1       sun.rmi.runtime.Log$LoggerLog::log (45 bytes)
Event: 3803.215 Thread 0x000001f1eaccb4e0 nmethod 5314 0x000001f1e2e48290 code [0x000001f1e2e484a0, 0x000001f1e2e48878]
Event: 3803.215 Thread 0x000001f1eaccb4e0 5318       1       java.io.ObjectInputStream$HandleTable::finish (111 bytes)
Event: 3803.216 Thread 0x000001f1eaccb4e0 nmethod 5318 0x000001f1e2e47c90 code [0x000001f1e2e47e40, 0x000001f1e2e480e8]
Event: 3803.216 Thread 0x000001f1eaccb4e0 5317       1       java.io.ObjectInputStream$HandleTable::assign (48 bytes)
Event: 3803.216 Thread 0x000001f1eaccb4e0 nmethod 5317 0x000001f1e2e47710 code [0x000001f1e2e478c0, 0x000001f1e2e47ae8]
Event: 3803.216 Thread 0x000001f1eaccb4e0 5315       1       java.io.ObjectInputStream$PeekInputStream::getBytesRead (5 bytes)
Event: 3803.216 Thread 0x000001f1eaccb4e0 nmethod 5315 0x000001f1e2e47410 code [0x000001f1e2e475a0, 0x000001f1e2e47678]
Event: 3803.216 Thread 0x000001f1eaccb4e0 5316       1       jdk.internal.event.DeserializationEvent::shouldCommit (2 bytes)
Event: 3803.216 Thread 0x000001f1eaccb4e0 nmethod 5316 0x000001f1e2e47110 code [0x000001f1e2e472a0, 0x000001f1e2e47378]
Event: 3874.999 Thread 0x000001f1eaccb4e0 5320       1       java.net.InetAddress::<init> (21 bytes)
Event: 3875.575 Thread 0x000001f1eaccb4e0 nmethod 5320 0x000001f1e2e46d10 code [0x000001f1e2e46ea0, 0x000001f1e2e47038]
Event: 4079.370 Thread 0x000001f1eaccb4e0 5322       1       java.util.concurrent.ThreadPoolExecutor::isRunning (10 bytes)
Event: 4079.718 Thread 0x000001f1eaccb4e0 nmethod 5322 0x000001f1e2e46a10 code [0x000001f1e2e46ba0, 0x000001f1e2e46c58]

GC Heap History (20 events):
Event: 3607.092 GC heap after
{Heap after GC invocations=43 (full 0):
 garbage-first heap   total 123904K, used 26417K [0x00000000c1800000, 0x0000000100000000)
  region size 1024K, 1 young (1024K), 1 survivors (1024K)
 Metaspace       used 55665K, committed 56128K, reserved 1097728K
  class space    used 7306K, committed 7488K, reserved 1048576K
}
Event: 3631.021 GC heap before
{Heap before GC invocations=43 (full 0):
 garbage-first heap   total 123904K, used 31537K [0x00000000c1800000, 0x0000000100000000)
  region size 1024K, 6 young (6144K), 1 survivors (1024K)
 Metaspace       used 55665K, committed 56128K, reserved 1097728K
  class space    used 7306K, committed 7488K, reserved 1048576K
}
Event: 3639.331 GC heap after
{Heap after GC invocations=44 (full 0):
 garbage-first heap   total 247808K, used 26379K [0x00000000c1800000, 0x0000000100000000)
  region size 1024K, 1 young (1024K), 1 survivors (1024K)
 Metaspace       used 55665K, committed 56128K, reserved 1097728K
  class space    used 7306K, committed 7488K, reserved 1048576K
}
Event: 3698.486 GC heap before
{Heap before GC invocations=44 (full 0):
 garbage-first heap   total 247808K, used 37643K [0x00000000c1800000, 0x0000000100000000)
  region size 1024K, 12 young (12288K), 1 survivors (1024K)
 Metaspace       used 55678K, committed 56128K, reserved 1097728K
  class space    used 7307K, committed 7488K, reserved 1048576K
}
Event: 3698.769 GC heap after
{Heap after GC invocations=45 (full 0):
 garbage-first heap   total 247808K, used 26434K [0x00000000c1800000, 0x0000000100000000)
  region size 1024K, 1 young (1024K), 1 survivors (1024K)
 Metaspace       used 55678K, committed 56128K, reserved 1097728K
  class space    used 7307K, committed 7488K, reserved 1048576K
}
Event: 3751.848 GC heap before
{Heap before GC invocations=45 (full 0):
 garbage-first heap   total 247808K, used 37698K [0x00000000c1800000, 0x0000000100000000)
  region size 1024K, 12 young (12288K), 1 survivors (1024K)
 Metaspace       used 55761K, committed 56192K, reserved 1097728K
  class space    used 7324K, committed 7488K, reserved 1048576K
}
Event: 3752.128 GC heap after
{Heap after GC invocations=46 (full 0):
 garbage-first heap   total 247808K, used 26912K [0x00000000c1800000, 0x0000000100000000)
  region size 1024K, 1 young (1024K), 1 survivors (1024K)
 Metaspace       used 55761K, committed 56192K, reserved 1097728K
  class space    used 7324K, committed 7488K, reserved 1048576K
}
Event: 3797.843 GC heap before
{Heap before GC invocations=46 (full 0):
 garbage-first heap   total 247808K, used 38176K [0x00000000c1800000, 0x0000000100000000)
  region size 1024K, 12 young (12288K), 1 survivors (1024K)
 Metaspace       used 55761K, committed 56192K, reserved 1097728K
  class space    used 7324K, committed 7488K, reserved 1048576K
}
Event: 3797.898 GC heap after
{Heap after GC invocations=47 (full 0):
 garbage-first heap   total 247808K, used 26927K [0x00000000c1800000, 0x0000000100000000)
  region size 1024K, 1 young (1024K), 1 survivors (1024K)
 Metaspace       used 55761K, committed 56192K, reserved 1097728K
  class space    used 7324K, committed 7488K, reserved 1048576K
}
Event: 3844.155 GC heap before
{Heap before GC invocations=47 (full 0):
 garbage-first heap   total 247808K, used 38191K [0x00000000c1800000, 0x0000000100000000)
  region size 1024K, 12 young (12288K), 1 survivors (1024K)
 Metaspace       used 55762K, committed 56192K, reserved 1097728K
  class space    used 7324K, committed 7488K, reserved 1048576K
}
Event: 3844.817 GC heap after
{Heap after GC invocations=48 (full 0):
 garbage-first heap   total 247808K, used 26944K [0x00000000c1800000, 0x0000000100000000)
  region size 1024K, 1 young (1024K), 1 survivors (1024K)
 Metaspace       used 55762K, committed 56192K, reserved 1097728K
  class space    used 7324K, committed 7488K, reserved 1048576K
}
Event: 3891.450 GC heap before
{Heap before GC invocations=48 (full 0):
 garbage-first heap   total 247808K, used 38208K [0x00000000c1800000, 0x0000000100000000)
  region size 1024K, 12 young (12288K), 1 survivors (1024K)
 Metaspace       used 55762K, committed 56192K, reserved 1097728K
  class space    used 7324K, committed 7488K, reserved 1048576K
}
Event: 3891.741 GC heap after
{Heap after GC invocations=49 (full 0):
 garbage-first heap   total 247808K, used 26986K [0x00000000c1800000, 0x0000000100000000)
  region size 1024K, 1 young (1024K), 1 survivors (1024K)
 Metaspace       used 55762K, committed 56192K, reserved 1097728K
  class space    used 7324K, committed 7488K, reserved 1048576K
}
Event: 3946.551 GC heap before
{Heap before GC invocations=49 (full 0):
 garbage-first heap   total 247808K, used 38250K [0x00000000c1800000, 0x0000000100000000)
  region size 1024K, 12 young (12288K), 1 survivors (1024K)
 Metaspace       used 55762K, committed 56192K, reserved 1097728K
  class space    used 7324K, committed 7488K, reserved 1048576K
}
Event: 3964.564 GC heap after
{Heap after GC invocations=50 (full 0):
 garbage-first heap   total 247808K, used 26969K [0x00000000c1800000, 0x0000000100000000)
  region size 1024K, 1 young (1024K), 1 survivors (1024K)
 Metaspace       used 55762K, committed 56192K, reserved 1097728K
  class space    used 7324K, committed 7488K, reserved 1048576K
}
Event: 4020.366 GC heap before
{Heap before GC invocations=50 (full 0):
 garbage-first heap   total 247808K, used 38233K [0x00000000c1800000, 0x0000000100000000)
  region size 1024K, 12 young (12288K), 1 survivors (1024K)
 Metaspace       used 55762K, committed 56192K, reserved 1097728K
  class space    used 7324K, committed 7488K, reserved 1048576K
}
Event: 4036.114 GC heap after
{Heap after GC invocations=51 (full 0):
 garbage-first heap   total 247808K, used 26964K [0x00000000c1800000, 0x0000000100000000)
  region size 1024K, 1 young (1024K), 1 survivors (1024K)
 Metaspace       used 55762K, committed 56192K, reserved 1097728K
  class space    used 7324K, committed 7488K, reserved 1048576K
}
Event: 4087.488 GC heap before
{Heap before GC invocations=51 (full 0):
 garbage-first heap   total 247808K, used 38228K [0x00000000c1800000, 0x0000000100000000)
  region size 1024K, 12 young (12288K), 1 survivors (1024K)
 Metaspace       used 55762K, committed 56192K, reserved 1097728K
  class space    used 7324K, committed 7488K, reserved 1048576K
}
Event: 4090.632 GC heap after
{Heap after GC invocations=52 (full 0):
 garbage-first heap   total 247808K, used 26936K [0x00000000c1800000, 0x0000000100000000)
  region size 1024K, 1 young (1024K), 1 survivors (1024K)
 Metaspace       used 55762K, committed 56192K, reserved 1097728K
  class space    used 7324K, committed 7488K, reserved 1048576K
}
Event: 4159.769 GC heap before
{Heap before GC invocations=52 (full 0):
 garbage-first heap   total 247808K, used 38200K [0x00000000c1800000, 0x0000000100000000)
  region size 1024K, 12 young (12288K), 1 survivors (1024K)
 Metaspace       used 55769K, committed 56192K, reserved 1097728K
  class space    used 7325K, committed 7488K, reserved 1048576K
}

Deoptimization events (14 events):
Event: 1.259 Thread 0x000001f1dde4a350 DEOPT PACKING pc=0x000001f1e2fdf775 sp=0x000000cc91bfdcb0
Event: 1.259 Thread 0x000001f1dde4a350 DEOPT UNPACKING pc=0x000001f1e2d72b43 sp=0x000000cc91bfd108 mode 3
Event: 2.012 Thread 0x000001f1ec048b70 DEOPT PACKING pc=0x000001f1e3237b19 sp=0x000000cc93bfcad0
Event: 2.012 Thread 0x000001f1ec048b70 DEOPT UNPACKING pc=0x000001f1e2d72b43 sp=0x000000cc93bfbfb0 mode 3
Event: 3.175 Thread 0x000001f1ec048b70 DEOPT PACKING pc=0x000001f1e33e3775 sp=0x000000cc93bfd740
Event: 3.175 Thread 0x000001f1ec048b70 DEOPT UNPACKING pc=0x000001f1e2d72b43 sp=0x000000cc93bfcbb0 mode 3
Event: 3.386 Thread 0x000001f1ec048b70 DEOPT PACKING pc=0x000001f1e32b5d7d sp=0x000000cc93bfba90
Event: 3.386 Thread 0x000001f1ec048b70 DEOPT UNPACKING pc=0x000001f1e2d72b43 sp=0x000000cc93bfaff8 mode 3
Event: 4.158 Thread 0x000001f1ec048b70 DEOPT PACKING pc=0x000001f1e3270f05 sp=0x000000cc93bf6e00
Event: 4.158 Thread 0x000001f1ec048b70 DEOPT UNPACKING pc=0x000001f1e2d72b43 sp=0x000000cc93bf6360 mode 3
Event: 5.712 Thread 0x000001f1ec048b70 DEOPT PACKING pc=0x000001f1e324d2c2 sp=0x000000cc93bfc1b0
Event: 5.712 Thread 0x000001f1ec048b70 DEOPT UNPACKING pc=0x000001f1e2d72b43 sp=0x000000cc93bfb6b8 mode 3
Event: 5.712 Thread 0x000001f1ec048b70 DEOPT PACKING pc=0x000001f1e3229845 sp=0x000000cc93bfc170
Event: 5.712 Thread 0x000001f1ec048b70 DEOPT UNPACKING pc=0x000001f1e2d72b43 sp=0x000000cc93bfb6b8 mode 3

Classes unloaded (0 events):
No events

Classes redefined (0 events):
No events

Internal exceptions (20 events):
Event: 5.356 Thread 0x000001f1ec048b70 Exception <a 'java/lang/ClassNotFoundException'{0x00000000c373fb48}: org/springframework/web/servlet/config/annotation/DelegatingWebMvcConfigurationCustomizer> (0x00000000c373fb48) 
thrown [e:\jenkins\tmp\workspace\build\src\src\hotspot\share\classfile\systemDictionary.cpp, line 256]
Event: 5.357 Thread 0x000001f1ec048b70 Exception <a 'java/lang/ClassNotFoundException'{0x00000000c374a188}: org/springframework/boot/autoconfigure/web/servlet/WebMvcAutoConfiguration$EnableWebMvcConfigurationCustomizer> (0x00000000c374a188) 
thrown [e:\jenkins\tmp\workspace\build\src\src\hotspot\share\classfile\systemDictionary.cpp, line 256]
Event: 5.358 Thread 0x000001f1ec048b70 Exception <a 'java/lang/ClassNotFoundException'{0x00000000c375d118}: org/springframework/context/ResourceLoaderAwareCustomizer> (0x00000000c375d118) 
thrown [e:\jenkins\tmp\workspace\build\src\src\hotspot\share\classfile\systemDictionary.cpp, line 256]
Event: 5.359 Thread 0x000001f1ec048b70 Exception <a 'java/lang/ClassNotFoundException'{0x00000000c3762de8}: org/springframework/beans/factory/AwareCustomizer> (0x00000000c3762de8) 
thrown [e:\jenkins\tmp\workspace\build\src\src\hotspot\share\classfile\systemDictionary.cpp, line 256]
Event: 5.359 Thread 0x000001f1ec048b70 Exception <a 'java/lang/ClassNotFoundException'{0x00000000c3767f98}: org/springframework/context/ApplicationContextAwareCustomizer> (0x00000000c3767f98) 
thrown [e:\jenkins\tmp\workspace\build\src\src\hotspot\share\classfile\systemDictionary.cpp, line 256]
Event: 5.360 Thread 0x000001f1ec048b70 Exception <a 'java/lang/ClassNotFoundException'{0x00000000c376e758}: org/springframework/beans/factory/AwareCustomizer> (0x00000000c376e758) 
thrown [e:\jenkins\tmp\workspace\build\src\src\hotspot\share\classfile\systemDictionary.cpp, line 256]
Event: 5.360 Thread 0x000001f1ec048b70 Exception <a 'java/lang/ClassNotFoundException'{0x00000000c37738e0}: org/springframework/web/context/ServletContextAwareCustomizer> (0x00000000c37738e0) 
thrown [e:\jenkins\tmp\workspace\build\src\src\hotspot\share\classfile\systemDictionary.cpp, line 256]
Event: 5.361 Thread 0x000001f1ec048b70 Exception <a 'java/lang/ClassNotFoundException'{0x00000000c37799e8}: org/springframework/beans/factory/AwareCustomizer> (0x00000000c37799e8) 
thrown [e:\jenkins\tmp\workspace\build\src\src\hotspot\share\classfile\systemDictionary.cpp, line 256]
Event: 5.543 Thread 0x000001f1ec048b70 Exception <a 'java/lang/NoSuchMethodError'{0x00000000c6286078}: 'void java.lang.invoke.DirectMethodHandle$Holder.invokeVirtual(java.lang.Object, java.lang.Object, int)'> (0x00000000c6286078) 
thrown [e:\jenkins\tmp\workspace\build\src\src\hotspot\share\interpreter\linkResolver.cpp, line 766]
Event: 5.545 Thread 0x000001f1ec048b70 Exception <a 'java/lang/NoSuchMethodError'{0x00000000c62a09d8}: 'void java.lang.invoke.DirectMethodHandle$Holder.invokeVirtual(java.lang.Object, java.lang.Object, long)'> (0x00000000c62a09d8) 
thrown [e:\jenkins\tmp\workspace\build\src\src\hotspot\share\interpreter\linkResolver.cpp, line 766]
Event: 5.669 Thread 0x000001f1ec048b70 Exception <a 'java/lang/IncompatibleClassChangeError'{0x00000000c5c59800}: Found class java.lang.Object, but interface was expected> (0x00000000c5c59800) 
thrown [e:\jenkins\tmp\workspace\build\src\src\hotspot\share\interpreter\linkResolver.cpp, line 833]
Event: 5.705 Thread 0x000001f1ec048b70 Exception <a 'java/lang/NoSuchMethodError'{0x00000000c5be6d28}: 'int java.lang.invoke.DirectMethodHandle$Holder.invokeStaticInit(java.lang.Object, java.lang.Object, java.lang.Object, java.lang.Object)'> (0x00000000c5be6d28) 
thrown [e:\jenkins\tmp\workspace\build\src\src\hotspot\share\interpreter\linkResolver.cpp, line 766]
Event: 5.762 Thread 0x000001f1ebf76c50 Exception <a 'java/lang/reflect/InvocationTargetException'{0x00000000c5701bc0}> (0x00000000c5701bc0) 
thrown [e:\jenkins\tmp\workspace\build\src\src\hotspot\share\runtime\reflection.cpp, line 1121]
Event: 5.903 Thread 0x000001f1ec048b70 Exception <a 'java/lang/NoSuchMethodError'{0x00000000c52e28f8}: 'java.lang.Object java.lang.invoke.DirectMethodHandle$Holder.invokeSpecial(java.lang.Object, java.lang.Object, int, java.lang.Object, int, java.lang.Object)'> (0x00000000c52e28f8) 
thrown [e:\jenkins\tmp\workspace\build\src\src\hotspot\share\interpreter\linkResolver.cpp, line 766]
Event: 5.904 Thread 0x000001f1ec048b70 Exception <a 'java/lang/NoSuchMethodError'{0x00000000c52ea9a0}: 'java.lang.Object java.lang.invoke.DirectMethodHandle$Holder.newInvokeSpecial(java.lang.Object, java.lang.Object, int, java.lang.Object, int)'> (0x00000000c52ea9a0) 
thrown [e:\jenkins\tmp\workspace\build\src\src\hotspot\share\interpreter\linkResolver.cpp, line 766]
Event: 5.904 Thread 0x000001f1ec048b70 Exception <a 'java/lang/NoSuchMethodError'{0x00000000c52eeaa0}: 'java.lang.Object java.lang.invoke.DirectMethodHandle$Holder.invokeSpecial(java.lang.Object, java.lang.Object, java.lang.Object, int, java.lang.Object, int)'> (0x00000000c52eeaa0) 
thrown [e:\jenkins\tmp\workspace\build\src\src\hotspot\share\interpreter\linkResolver.cpp, line 766]
Event: 5.906 Thread 0x000001f1ec048b70 Exception <a 'java/lang/NoSuchMethodError'{0x00000000c52f8b98}: 'void java.lang.invoke.DirectMethodHandle$Holder.invokeVirtual(java.lang.Object, java.lang.Object)'> (0x00000000c52f8b98) 
thrown [e:\jenkins\tmp\workspace\build\src\src\hotspot\share\interpreter\linkResolver.cpp, line 766]
Event: 21.357 Thread 0x000001f1edc34a10 Exception <a 'java/lang/NoSuchMethodError'{0x00000000c6110508}: 'java.lang.Object java.lang.invoke.DirectMethodHandle$Holder.invokeStatic(java.lang.Object, int, int)'> (0x00000000c6110508) 
thrown [e:\jenkins\tmp\workspace\build\src\src\hotspot\share\interpreter\linkResolver.cpp, line 766]
Event: 3808.095 Thread 0x000001f1edc37090 Exception <a 'java/lang/NoSuchMethodError'{0x00000000d08713f0}: static [Ljava/lang/Integer;.<clinit>()V> (0x00000000d08713f0) 
thrown [e:\jenkins\tmp\workspace\build\src\src\hotspot\share\prims\jni.cpp, line 1107]
Event: 4078.607 Thread 0x000001f1ebea8420 Exception <a 'java/lang/OutOfMemoryError'{0x00000000d03e01b0}: unable to create native thread: possibly out of memory or process/resource limits reached> (0x00000000d03e01b0) 
thrown [e:\jenkins\tmp\workspace\build\src\src\hotspot\share\prims\jvm.cpp, line 2920]

VM Operations (20 events):
Event: 3730.322 Executing VM operation: Cleanup done
Event: 3737.362 Executing VM operation: Cleanup
Event: 3737.362 Executing VM operation: Cleanup done
Event: 3751.848 Executing VM operation: G1CollectForAllocation
Event: 3752.128 Executing VM operation: G1CollectForAllocation done
Event: 3797.842 Executing VM operation: G1CollectForAllocation
Event: 3797.898 Executing VM operation: G1CollectForAllocation done
Event: 3844.155 Executing VM operation: G1CollectForAllocation
Event: 3844.817 Executing VM operation: G1CollectForAllocation done
Event: 3891.420 Executing VM operation: G1CollectForAllocation
Event: 3891.741 Executing VM operation: G1CollectForAllocation done
Event: 3941.479 Executing VM operation: G1CollectForAllocation
Event: 3965.136 Executing VM operation: G1CollectForAllocation done
Event: 4018.624 Executing VM operation: G1CollectForAllocation
Event: 4036.114 Executing VM operation: G1CollectForAllocation done
Event: 4087.378 Executing VM operation: G1CollectForAllocation
Event: 4090.633 Executing VM operation: G1CollectForAllocation done
Event: 4110.735 Executing VM operation: Cleanup
Event: 4111.692 Executing VM operation: Cleanup done
Event: 4137.976 Executing VM operation: G1CollectForAllocation

Events (20 events):
Event: 3707.357 loading class java/net/BindException done
Event: 3710.833 loading class java/text/FieldPosition$Delegate
Event: 3714.648 loading class java/text/FieldPosition$Delegate done
Event: 3731.257 loading class java/util/concurrent/atomic/AtomicReferenceFieldUpdater
Event: 3732.489 loading class java/util/concurrent/atomic/AtomicReferenceFieldUpdater done
Event: 3732.490 loading class java/util/concurrent/atomic/AtomicReferenceFieldUpdater$AtomicReferenceFieldUpdaterImpl
Event: 3734.556 loading class java/util/concurrent/atomic/AtomicReferenceFieldUpdater$AtomicReferenceFieldUpdaterImpl done
Event: 3734.556 loading class java/util/concurrent/atomic/AtomicReferenceFieldUpdater$AtomicReferenceFieldUpdaterImpl$1
Event: 3735.895 loading class java/util/concurrent/atomic/AtomicReferenceFieldUpdater$AtomicReferenceFieldUpdaterImpl$1 done
Event: 3746.034 Thread 0x000001f1eb9ed520 Thread added: 0x000001f1eb9ed520
Event: 3749.585 Thread 0x000001f1edc39710 Thread exited: 0x000001f1edc39710
Event: 3751.341 Thread 0x000001f1eb9ed520 Thread exited: 0x000001f1eb9ed520
Event: 3758.780 Thread 0x000001f1edc3aa50 Thread exited: 0x000001f1edc3aa50
Event: 3797.898 Thread 0x000001f1edc37090 Thread added: 0x000001f1edc37090
Event: 3799.620 Thread 0x000001f1edc37560 Thread added: 0x000001f1edc37560
Event: 3888.175 Thread 0x000001f1edc36bc0 Thread exited: 0x000001f1edc36bc0
Event: 3977.846 Thread 0x000001f1edc37090 Thread exited: 0x000001f1edc37090
Event: 4042.536 Thread 0x000001f1edc37560 Thread exited: 0x000001f1edc37560
Event: 4123.221 loading class java/lang/StackStreamFactory
Event: 4159.749 loading class java/lang/StackStreamFactory done


Dynamic libraries:
0x00007ff7721e0000 - 0x00007ff7721ee000 	D:\APPLICATIONS\STS\sts-4.14.0.RELEASE\plugins\org.eclipse.justj.openjdk.hotspot.jre.full.win32.x86_64_17.0.2.v20220201-1208\jre\bin\javaw.exe
0x00007fffa1d90000 - 0x00007fffa1f86000 	C:\WINDOWS\SYSTEM32\ntdll.dll
0x00007fffa1730000 - 0x00007fffa17ed000 	C:\WINDOWS\System32\KERNEL32.DLL
0x00007fff9f8d0000 - 0x00007fff9fb98000 	C:\WINDOWS\System32\KERNELBASE.dll
0x00007fff9fcf0000 - 0x00007fff9fdf0000 	C:\WINDOWS\System32\ucrtbase.dll
0x00007fff90aa0000 - 0x00007fff90ab9000 	D:\APPLICATIONS\STS\sts-4.14.0.RELEASE\plugins\org.eclipse.justj.openjdk.hotspot.jre.full.win32.x86_64_17.0.2.v20220201-1208\jre\bin\VCRUNTIME140.dll
0x00007fff8f8c0000 - 0x00007fff8f8d8000 	D:\APPLICATIONS\STS\sts-4.14.0.RELEASE\plugins\org.eclipse.justj.openjdk.hotspot.jre.full.win32.x86_64_17.0.2.v20220201-1208\jre\bin\jli.dll
0x00007fffa07a0000 - 0x00007fffa0940000 	C:\WINDOWS\System32\USER32.dll
0x00007fff9fba0000 - 0x00007fff9fbc2000 	C:\WINDOWS\System32\win32u.dll
0x00007fffa1700000 - 0x00007fffa172a000 	C:\WINDOWS\System32\GDI32.dll
0x00007fff7dbf0000 - 0x00007fff7de8b000 	C:\WINDOWS\WinSxS\amd64_microsoft.windows.common-controls_6595b64144ccf1df_6.0.19041.488_none_ca04af081b815d21\COMCTL32.dll
0x00007fff9f580000 - 0x00007fff9f689000 	C:\WINDOWS\System32\gdi32full.dll
0x00007fffa0c80000 - 0x00007fffa0d1e000 	C:\WINDOWS\System32\msvcrt.dll
0x00007fff9fc50000 - 0x00007fff9fced000 	C:\WINDOWS\System32\msvcp_win.dll
0x00007fffa10a0000 - 0x00007fffa10d0000 	C:\WINDOWS\System32\IMM32.DLL
0x00007fff985f0000 - 0x00007fff985fc000 	D:\APPLICATIONS\STS\sts-4.14.0.RELEASE\plugins\org.eclipse.justj.openjdk.hotspot.jre.full.win32.x86_64_17.0.2.v20220201-1208\jre\bin\vcruntime140_1.dll
0x00007fff6d8c0000 - 0x00007fff6d951000 	D:\APPLICATIONS\STS\sts-4.14.0.RELEASE\plugins\org.eclipse.justj.openjdk.hotspot.jre.full.win32.x86_64_17.0.2.v20220201-1208\jre\bin\msvcp140.dll
0x00007fff56550000 - 0x00007fff57197000 	D:\APPLICATIONS\STS\sts-4.14.0.RELEASE\plugins\org.eclipse.justj.openjdk.hotspot.jre.full.win32.x86_64_17.0.2.v20220201-1208\jre\bin\server\jvm.dll
0x00007fffa15a0000 - 0x00007fffa164c000 	C:\WINDOWS\System32\ADVAPI32.dll
0x00007fffa17f0000 - 0x00007fffa188b000 	C:\WINDOWS\System32\sechost.dll
0x00007fffa0940000 - 0x00007fffa0a64000 	C:\WINDOWS\System32\RPCRT4.dll
0x00007fffa1980000 - 0x00007fffa1988000 	C:\WINDOWS\System32\PSAPI.DLL
0x00007fff963e0000 - 0x00007fff963e9000 	C:\WINDOWS\SYSTEM32\WSOCK32.dll
0x00007fffa1910000 - 0x00007fffa197b000 	C:\WINDOWS\System32\WS2_32.dll
0x00007fff98dc0000 - 0x00007fff98de7000 	C:\WINDOWS\SYSTEM32\WINMM.dll
0x00007fff95480000 - 0x00007fff9548a000 	C:\WINDOWS\SYSTEM32\VERSION.dll
0x00007fff9de00000 - 0x00007fff9de12000 	C:\WINDOWS\SYSTEM32\kernel.appcore.dll
0x00007fff95270000 - 0x00007fff9527a000 	D:\APPLICATIONS\STS\sts-4.14.0.RELEASE\plugins\org.eclipse.justj.openjdk.hotspot.jre.full.win32.x86_64_17.0.2.v20220201-1208\jre\bin\jimage.dll
0x00007fff9a2d0000 - 0x00007fff9a4b4000 	C:\WINDOWS\SYSTEM32\DBGHELP.DLL
0x00007fff98700000 - 0x00007fff9872c000 	C:\WINDOWS\SYSTEM32\dbgcore.DLL
0x00007fff9f6f0000 - 0x00007fff9f76f000 	C:\WINDOWS\System32\bcryptPrimitives.dll
0x00007fff7f180000 - 0x00007fff7f1a5000 	D:\APPLICATIONS\STS\sts-4.14.0.RELEASE\plugins\org.eclipse.justj.openjdk.hotspot.jre.full.win32.x86_64_17.0.2.v20220201-1208\jre\bin\java.dll
0x00007fff8c3d0000 - 0x00007fff8c3e8000 	D:\APPLICATIONS\STS\sts-4.14.0.RELEASE\plugins\org.eclipse.justj.openjdk.hotspot.jre.full.win32.x86_64_17.0.2.v20220201-1208\jre\bin\zip.dll
0x00007fffa0050000 - 0x00007fffa0791000 	C:\WINDOWS\System32\SHELL32.dll
0x00007fff9d600000 - 0x00007fff9dd95000 	C:\WINDOWS\SYSTEM32\windows.storage.dll
0x00007fffa0d40000 - 0x00007fffa1095000 	C:\WINDOWS\System32\combase.dll
0x00007fff9ee70000 - 0x00007fff9ee9c000 	C:\WINDOWS\SYSTEM32\Wldp.dll
0x00007fffa1650000 - 0x00007fffa16fe000 	C:\WINDOWS\System32\SHCORE.dll
0x00007fffa1990000 - 0x00007fffa19e5000 	C:\WINDOWS\System32\shlwapi.dll
0x00007fff9f400000 - 0x00007fff9f426000 	C:\WINDOWS\SYSTEM32\profapi.dll
0x00007fff87f40000 - 0x00007fff87f59000 	D:\APPLICATIONS\STS\sts-4.14.0.RELEASE\plugins\org.eclipse.justj.openjdk.hotspot.jre.full.win32.x86_64_17.0.2.v20220201-1208\jre\bin\net.dll
0x00007fff91f80000 - 0x00007fff92080000 	C:\WINDOWS\SYSTEM32\WINHTTP.dll
0x00007fff9ebf0000 - 0x00007fff9ec5a000 	C:\WINDOWS\system32\mswsock.dll
0x00007fff81ec0000 - 0x00007fff81ed5000 	D:\APPLICATIONS\STS\sts-4.14.0.RELEASE\plugins\org.eclipse.justj.openjdk.hotspot.jre.full.win32.x86_64_17.0.2.v20220201-1208\jre\bin\nio.dll
0x00007fff91db0000 - 0x00007fff91db9000 	D:\APPLICATIONS\STS\sts-4.14.0.RELEASE\plugins\org.eclipse.justj.openjdk.hotspot.jre.full.win32.x86_64_17.0.2.v20220201-1208\jre\bin\management.dll
0x00007fff91680000 - 0x00007fff9168b000 	D:\APPLICATIONS\STS\sts-4.14.0.RELEASE\plugins\org.eclipse.justj.openjdk.hotspot.jre.full.win32.x86_64_17.0.2.v20220201-1208\jre\bin\management_ext.dll
0x00007fff7fff0000 - 0x00007fff80007000 	C:\WINDOWS\system32\napinsp.dll
0x00007fff8b6e0000 - 0x00007fff8b6fb000 	C:\WINDOWS\system32\pnrpnsp.dll
0x00007fff79170000 - 0x00007fff79185000 	C:\WINDOWS\system32\wshbth.dll
0x00007fff98800000 - 0x00007fff9881d000 	C:\WINDOWS\system32\NLAapi.dll
0x00007fff9e8e0000 - 0x00007fff9e91b000 	C:\WINDOWS\SYSTEM32\IPHLPAPI.DLL
0x00007fff9e920000 - 0x00007fff9e9eb000 	C:\WINDOWS\SYSTEM32\DNSAPI.dll
0x00007fffa0a70000 - 0x00007fffa0a78000 	C:\WINDOWS\System32\NSI.dll
0x00007fff8f740000 - 0x00007fff8f752000 	C:\WINDOWS\System32\winrnr.dll
0x00007fff8f640000 - 0x00007fff8f64a000 	C:\Windows\System32\rasadhlp.dll
0x00007fff92320000 - 0x00007fff9239f000 	C:\WINDOWS\System32\fwpuclnt.dll
0x00007fff9fc20000 - 0x00007fff9fc47000 	C:\WINDOWS\System32\bcrypt.dll
0x00007fff9edc0000 - 0x00007fff9edd8000 	C:\WINDOWS\SYSTEM32\CRYPTSP.dll
0x00007fff9e580000 - 0x00007fff9e5b4000 	C:\WINDOWS\system32\rsaenh.dll
0x00007fff9f350000 - 0x00007fff9f37e000 	C:\WINDOWS\SYSTEM32\USERENV.dll
0x00007fff9ede0000 - 0x00007fff9edec000 	C:\WINDOWS\SYSTEM32\CRYPTBASE.dll
0x00007fff94930000 - 0x00007fff94947000 	C:\WINDOWS\SYSTEM32\dhcpcsvc6.DLL
0x00007fff95560000 - 0x00007fff9557d000 	C:\WINDOWS\SYSTEM32\dhcpcsvc.DLL
0x00007fff941c0000 - 0x00007fff941d0000 	D:\APPLICATIONS\STS\sts-4.14.0.RELEASE\plugins\org.eclipse.justj.openjdk.hotspot.jre.full.win32.x86_64_17.0.2.v20220201-1208\jre\bin\verify.dll
0x00007fff925c0000 - 0x00007fff925ce000 	D:\APPLICATIONS\STS\sts-4.14.0.RELEASE\plugins\org.eclipse.justj.openjdk.hotspot.jre.full.win32.x86_64_17.0.2.v20220201-1208\jre\bin\sunmscapi.dll
0x00007fff9f770000 - 0x00007fff9f8cd000 	C:\WINDOWS\System32\CRYPT32.dll
0x00007fff9eee0000 - 0x00007fff9ef07000 	C:\WINDOWS\SYSTEM32\ncrypt.dll
0x00007fff9eea0000 - 0x00007fff9eedb000 	C:\WINDOWS\SYSTEM32\NTASN1.dll
0x00007fff91310000 - 0x00007fff91317000 	C:\WINDOWS\system32\wshunix.dll

dbghelp: loaded successfully - version: 4.0.5 - missing functions: none
symbol engine: initialized successfully - sym options: 0x614 - pdb path: .;D:\APPLICATIONS\STS\sts-4.14.0.RELEASE\plugins\org.eclipse.justj.openjdk.hotspot.jre.full.win32.x86_64_17.0.2.v20220201-1208\jre\bin;C:\WINDOWS\SYSTEM32;C:\WINDOWS\WinSxS\amd64_microsoft.windows.common-controls_6595b64144ccf1df_6.0.19041.488_none_ca04af081b815d21;D:\APPLICATIONS\STS\sts-4.14.0.RELEASE\plugins\org.eclipse.justj.openjdk.hotspot.jre.full.win32.x86_64_17.0.2.v20220201-1208\jre\bin\server

VM Arguments:
jvm_args: -Dcom.sun.management.jmxremote -Dcom.sun.management.jmxremote.port=62165 -Dcom.sun.management.jmxremote.authenticate=false -Dcom.sun.management.jmxremote.ssl=false -Djava.rmi.server.hostname=localhost -Dspring.jmx.enabled=true -Dspring.application.admin.enabled=true -XX:TieredStopAtLevel=1 -Dspring.boot.project.name=Eclinic -Dfile.encoding=UTF-8 -XX:+ShowCodeDetailsInExceptionMessages 
java_command: com.bway.eclinic.EclinicApplication --spring.output.ansi.enabled=always
java_class_path (initial): D:\STS\Eclinic\target\classes;C:\Users\DELL PC\.m2\repository\org\springframework\boot\spring-boot-starter-data-jpa\2.7.1\spring-boot-starter-data-jpa-2.7.1.jar;C:\Users\DELL PC\.m2\repository\org\springframework\boot\spring-boot-starter-aop\2.7.1\spring-boot-starter-aop-2.7.1.jar;C:\Users\DELL PC\.m2\repository\org\springframework\spring-aop\5.3.21\spring-aop-5.3.21.jar;C:\Users\DELL PC\.m2\repository\org\aspectj\aspectjweaver\1.9.7\aspectjweaver-1.9.7.jar;C:\Users\DELL PC\.m2\repository\org\springframework\boot\spring-boot-starter-jdbc\2.7.1\spring-boot-starter-jdbc-2.7.1.jar;C:\Users\DELL PC\.m2\repository\com\zaxxer\HikariCP\4.0.3\HikariCP-4.0.3.jar;C:\Users\DELL PC\.m2\repository\org\springframework\spring-jdbc\5.3.21\spring-jdbc-5.3.21.jar;C:\Users\DELL PC\.m2\repository\jakarta\transaction\jakarta.transaction-api\1.3.3\jakarta.transaction-api-1.3.3.jar;C:\Users\DELL PC\.m2\repository\jakarta\persistence\jakarta.persistence-api\2.2.3\jakarta.persistence-api-2.2.3.jar;C:\Users\DELL PC\.m2\repository\org\hibernate\hibernate-core\5.6.9.Final\hibernate-core-5.6.9.Final.jar;C:\Users\DELL PC\.m2\repository\org\jboss\logging\jboss-logging\3.4.3.Final\jboss-logging-3.4.3.Final.jar;C:\Users\DELL PC\.m2\repository\net\bytebuddy\byte-buddy\1.12.11\byte-buddy-1.12.11.jar;C:\Users\DELL PC\.m2\repository\antlr\antlr\2.7.7\antlr-2.7.7.jar;C:\Users\DELL PC\.m2\repository\org\jboss\jandex\2.4.2.Final\jandex-2.4.2.Final.jar;C:\Users\DELL PC\.m2\repository\com\fasterxml\classmate\1.5.1\classmate-1.5.1.jar;C:\Users\DELL PC\.m2\repository\org\hibernate\common\hibernate-commons-annotations\5.1.2.Final\hibernate-commons-annotations-5.1.2.Final.jar;C:\Users\DELL PC\.m2\repository\org\glassfish\jaxb\jaxb-runtime\2.3.6\jaxb-runtime-2.3.6.jar;C:\Users\DELL PC\.m2\repository\org\glassfish\jaxb\txw2\2.3.6\txw2-2.3.6.jar;C:\Users\DELL PC\.m2\repository\com\sun\istack\istack-commons-runtime\3.0.12\istack-commons-runtime-3.0.12.jar;C:\Users\DELL PC\.m2\repository
Launcher Type: SUN_STANDARD

[Global flags]
     intx CICompilerCount                          = 3                                         {product} {ergonomic}
     uint ConcGCThreads                            = 1                                         {product} {ergonomic}
     uint G1ConcRefinementThreads                  = 4                                         {product} {ergonomic}
   size_t G1HeapRegionSize                         = 1048576                                   {product} {ergonomic}
    uintx GCDrainStackTargetSize                   = 64                                        {product} {ergonomic}
   size_t InitialHeapSize                          = 67108864                                  {product} {ergonomic}
     bool ManagementServer                         = true                                      {product} {command line}
   size_t MarkStackSize                            = 4194304                                   {product} {ergonomic}
   size_t MaxHeapSize                              = 1048576000                                {product} {ergonomic}
   size_t MaxNewSize                               = 629145600                                 {product} {ergonomic}
   size_t MinHeapDeltaBytes                        = 1048576                                   {product} {ergonomic}
   size_t MinHeapSize                              = 8388608                                   {product} {ergonomic}
    uintx NonProfiledCodeHeapSize                  = 0                                      {pd product} {ergonomic}
     bool ProfileInterpreter                       = false                                  {pd product} {command line}
    uintx ProfiledCodeHeapSize                     = 0                                      {pd product} {ergonomic}
     bool ShowCodeDetailsInExceptionMessages       = true                                   {manageable} {command line}
   size_t SoftMaxHeapSize                          = 1048576000                             {manageable} {ergonomic}
     intx TieredStopAtLevel                        = 1                                         {product} {command line}
     bool UseCompressedClassPointers               = true                           {product lp64_product} {ergonomic}
     bool UseCompressedOops                        = true                           {product lp64_product} {ergonomic}
     bool UseG1GC                                  = true                                      {product} {ergonomic}
     bool UseLargePagesIndividualAllocation        = false                                  {pd product} {ergonomic}

Logging:
Log output configuration:
 #0: stdout all=warning uptime,level,tags
 #1: stderr all=off uptime,level,tags

Environment Variables:
PATH=D:/APPLICATIONS/STS/sts-4.14.0.RELEASE//plugins/org.eclipse.justj.openjdk.hotspot.jre.full.win32.x86_64_17.0.2.v20220201-1208/jre/bin/server;D:/APPLICATIONS/STS/sts-4.14.0.RELEASE//plugins/org.eclipse.justj.openjdk.hotspot.jre.full.win32.x86_64_17.0.2.v20220201-1208/jre/bin;C:\Program Files\Common Files\Oracle\Java\javapath;C:\WINDOWS\system32;C:\WINDOWS;C:\WINDOWS\System32\Wbem;C:\WINDOWS\System32\WindowsPowerShell\v1.0\;C:\Program Files\Java\jdk-17.0.2\bin;C:\WINDOWS\System32\OpenSSH\;C:\Program Files\Git\cmd;;C:\Users\DELL PC\AppData\Local\Programs\Microsoft VS Code\bin;C:\Users\DELL PC\AppData\Local\Microsoft\WindowsApps;D:\APPLICATIONS\STS\sts-4.14.0.RELEASE;
USERNAME=DELL PC
OS=Windows_NT
PROCESSOR_IDENTIFIER=Intel64 Family 6 Model 142 Stepping 9, GenuineIntel



---------------  S Y S T E M  ---------------

OS:
 Windows 10 , 64 bit Build 19041 (10.0.19041.546)
OS uptime: 29 days 17:51 hours

CPU: total 4 (initial active 4) (2 cores per cpu, 2 threads per core) family 6 model 142 stepping 9 microcode 0xea, cx8, cmov, fxsr, ht, mmx, 3dnowpref, sse, sse2, sse3, ssse3, sse4.1, sse4.2, popcnt, lzcnt, tsc, tscinvbit, avx, avx2, aes, erms, clmul, bmi1, bmi2, adx, fma, vzeroupper, clflush, clflushopt

Memory: 4k page, system-wide physical 3996M (782M free)
TotalPageFile size 16036M (AvailPageFile size 176M)
current process WorkingSet (physical memory assigned to process): 37M, peak: 202M
current process commit charge ("private bytes"): 397M, peak: 563M

vm_info: OpenJDK 64-Bit Server VM (17.0.2+8) for windows-amd64 JRE (17.0.2+8), built on Jan 20 2022 04:52:34 by "" with MS VC++ 16.7 (VS2019)

END.
